#
# A fatal error has been detected by the Java Runtime Environment:
#
#  EXCEPTION_ACCESS_VIOLATION (0xc0000005) at pc=0x0000000050fdbce0, pid=4916, tid=3848
#
# JRE version: Java(TM) SE Runtime Environment (9.0+11) (build 9.0.4+11)
# Java VM: Java HotSpot(TM) 64-Bit Server VM (9.0.4+11, mixed mode, tiered, compressed oops, g1 gc, windows-amd64)
# Problematic frame:
# V  [jvm.dll+0x32bce0]
#
# No core dump will be written. Minidumps are not enabled by default on client versions of Windows
#
# If you would like to submit a bug report, please visit:
#   http://bugreport.java.com/bugreport/crash.jsp
#

---------------  S U M M A R Y ------------

Command Line: -agentlib:jdwp=transport=dt_socket,address=127.0.0.1:51744,suspend=y,server=n -ea -Didea.test.cyclic.buffer.size=1048576 -Dfile.encoding=UTF-8 com.intellij.rt.execution.junit.JUnitStarter -ideVersion5 -junit5 @w@C:\Users\mikel\AppData\Local\Temp\idea_working_dirs_junit1.tmp @C:\Users\mikel\AppData\Local\Temp\idea_junit1.tmp -socket51743

Host: Intel(R) Core(TM) i5-6200U CPU @ 2.30GHz, 4 cores, 7G,  Windows 10 , 64 bit Build 16299 (10.0.16299.15)
Time: Mon Apr 23 13:27:13 2018 Rom, sommertid elapsed time: 1645 seconds (0d 0h 27m 25s)

---------------  T H R E A D  ---------------

Current thread (0x00000196fc3b4000):  VMThread "VM Thread" [stack: 0x0000007830300000,0x0000007830400000] [id=3848]

Stack: [0x0000007830300000,0x0000007830400000],  sp=0x00000078303fe360,  free space=1016k
Native frames: (J=compiled Java code, j=interpreted, Vv=VM code, C=native code)
V  [jvm.dll+0x32bce0]
V  [jvm.dll+0x327698]
V  [jvm.dll+0x341f4f]
V  [jvm.dll+0x34516d]
V  [jvm.dll+0x296ab0]
V  [jvm.dll+0x296ba9]
V  [jvm.dll+0x2f8791]
V  [jvm.dll+0x2f30be]
V  [jvm.dll+0x2f4193]
V  [jvm.dll+0x2f6073]
V  [jvm.dll+0x2f666e]
V  [jvm.dll+0x2f3e55]
V  [jvm.dll+0x2f3293]
V  [jvm.dll+0x5784ff]
V  [jvm.dll+0x57880c]
V  [jvm.dll+0x5786b3]
V  [jvm.dll+0x578eac]
V  [jvm.dll+0x5470aa]
V  [jvm.dll+0x465311]
V  [jvm.dll+0x6a366b]
V  [jvm.dll+0x6a1e05]
V  [jvm.dll+0x6a25e1]
V  [jvm.dll+0x6a28cc]
V  [jvm.dll+0x586490]
C  [msvcr120.dll+0x24f7f]
C  [msvcr120.dll+0x25126]
C  [KERNEL32.DLL+0x11fe4]
C  [ntdll.dll+0x6f061]


siginfo: EXCEPTION_ACCESS_VIOLATION (0xc0000005), reading address 0xffffffffffffffff


Register to memory mapping:

RIP=0x0000000050fdbce0 jvm.dll
RAX=0x01ed010200ec0102 is an unknown value
RBX=0x00000196fc3b4000 is an unknown value
RCX=0x00000001000016d0 is pointing into metadata
RDX=0x01ed010200ec0102 is an unknown value
RSP=0x00000078303fe360 is an unknown value
RBP=0x0000000000000003 is an unknown value
RSI=0x00000078303fe420 is an unknown value
RDI=0x0000000000000000 is an unknown value
R8 =0x00000196fc3b4000 is an unknown value
R9 =0x01ed010200ec0102 is an unknown value
R10=0x000000000000004c is an unknown value
R11=0x000000000000004c is an unknown value
R12=0x00000078303ff101 is an unknown value
R13=0x0000000000000000 is an unknown value
R14=0x0000000000000051 is an unknown value
R15=0x0000000000000001 is an unknown value


Registers:
RAX=0x01ed010200ec0102, RBX=0x00000196fc3b4000, RCX=0x00000001000016d0, RDX=0x01ed010200ec0102
RSP=0x00000078303fe360, RBP=0x0000000000000003, RSI=0x00000078303fe420, RDI=0x0000000000000000
R8 =0x00000196fc3b4000, R9 =0x01ed010200ec0102, R10=0x000000000000004c, R11=0x000000000000004c
R12=0x00000078303ff101, R13=0x0000000000000000, R14=0x0000000000000051, R15=0x0000000000000001
RIP=0x0000000050fdbce0, EFLAGS=0x0000000000010246

Top of Stack: (sp=0x00000078303fe360)
0x00000078303fe360:   00000001000016d0 0000000000000000
0x00000078303fe370:   0000000000000000 00000196fc3b4000
0x00000078303fe380:   0000000000000000 0000000050fd7698
0x00000078303fe390:   00000001000016d0 00000196fc3b4000
0x00000078303fe3a0:   00000078303fe420 00000196fc3b4000
0x00000078303fe3b0:   00000078303fe490 0000000050ff1f4f
0x00000078303fe3c0:   00000196fc3b4000 0000000000000000
0x00000078303fe3d0:   0000000000000000 0000000000000000
0x00000078303fe3e0:   0000000000000000 00000196fba5e6a0
0x00000078303fe3f0:   00000078303fe490 0000000050ff516d
0x00000078303fe400:   00000196fc3b2dc0 00000078303fe5f0
0x00000078303fe410:   0000000000000051 00000196fc3557d8
0x00000078303fe420:   00000078303fe500 000000005147b3b0
0x00000078303fe430:   00000196fc3b4000 00000078303fe5f0
0x00000078303fe440:   0000000000000000 0000000050f46ab0
0x00000078303fe450:   00000078303fe5e0 00000196fc355701 

Instructions: (pc=0x0000000050fdbce0)
0x0000000050fdbcc0:   8b d8 e8 a9 88 d8 ff 48 83 7b 08 00 4c 8b c8 74
0x0000000050fdbcd0:   04 33 ff eb 23 80 3d 39 bd 62 00 00 74 05 33 ff
0x0000000050fdbce0:   89 78 0c 48 8d 4d fe 48 8d 78 10 48 85 c9 74 05
0x0000000050fdbcf0:   33 c0 f3 48 ab 49 8b f9 48 83 7b 08 00 48 8b 74 


VM_Operation (0x0000007830eff6e0): GetOrSetLocal, mode: safepoint, requested by thread 0x00000196fc704000


---------------  P R O C E S S  ---------------

Java Threads: ( => current thread )
  0x00000196fc72c000 JavaThread "Service Thread" daemon [_thread_blocked, id=3972, stack(0x0000007831100000,0x0000007831200000)]
  0x00000196fc72b000 JavaThread "JDWP Command Reader" daemon [_thread_in_native, id=12736, stack(0x0000007831000000,0x0000007831100000)]
  0x00000196fc718800 JavaThread "JDWP Event Helper Thread" daemon [_thread_blocked, id=8504, stack(0x0000007830f00000,0x0000007831000000)]
  0x00000196fc704000 JavaThread "JDWP Transport Listener: dt_socket" daemon [_thread_blocked, id=8404, stack(0x0000007830e00000,0x0000007830f00000)]
  0x00000196fc4a6000 JavaThread "Common-Cleaner" daemon [_thread_blocked, id=12320, stack(0x0000007830d00000,0x0000007830e00000)]
  0x00000196fc48c800 JavaThread "Sweeper thread" daemon [_thread_blocked, id=14256, stack(0x0000007830c00000,0x0000007830d00000)]
  0x00000196fc487000 JavaThread "C1 CompilerThread2" daemon [_thread_blocked, id=11076, stack(0x0000007830b00000,0x0000007830c00000)]
  0x00000196fc41f800 JavaThread "C2 CompilerThread1" daemon [_thread_blocked, id=14036, stack(0x0000007830a00000,0x0000007830b00000)]
  0x00000196fc419800 JavaThread "C2 CompilerThread0" daemon [_thread_blocked, id=3860, stack(0x0000007830900000,0x0000007830a00000)]
  0x00000196fc415800 JavaThread "Attach Listener" daemon [_thread_blocked, id=7848, stack(0x0000007830800000,0x0000007830900000)]
  0x00000196fc414800 JavaThread "Signal Dispatcher" daemon [_thread_blocked, id=8248, stack(0x0000007830700000,0x0000007830800000)]
  0x00000196fc3bb000 JavaThread "Finalizer" daemon [_thread_blocked, id=4712, stack(0x0000007830500000,0x0000007830600000)]
  0x00000196fc3b7800 JavaThread "Reference Handler" daemon [_thread_blocked, id=7520, stack(0x0000007830400000,0x0000007830500000)]
  0x00000196d9000000 JavaThread "main" [_thread_blocked, id=7160, stack(0x000000782f700000,0x000000782f800000)]

Other Threads:
=>0x00000196fc3b4000 VMThread "VM Thread" [stack: 0x0000007830300000,0x0000007830400000] [id=3848]
  0x00000196fc737800 WatcherThread [stack: 0x0000007831200000,0x0000007831300000] [id=13872]
  0x00000196d9019000 GCTaskThread "GC Thread#0" [stack: 0x000000782f800000,0x000000782f900000] [id=3048]
  0x00000196d901a000 GCTaskThread "GC Thread#1" [stack: 0x000000782f900000,0x000000782fa00000] [id=2412]
  0x00000196d901c800 GCTaskThread "GC Thread#2" [stack: 0x000000782fa00000,0x000000782fb00000] [id=13464]
  0x00000196d901e000 GCTaskThread "GC Thread#3" [stack: 0x000000782fb00000,0x000000782fc00000] [id=3572]
  0x00000196d908e800 ConcurrentGCThread "G1 Main Marker" [stack: 0x0000007830100000,0x0000007830200000] [id=12136]
  0x00000196d9091800 ConcurrentGCThread "G1 Marker#0" [stack: 0x0000007830200000,0x0000007830300000] [id=3044]
  0x00000196d9026800 ConcurrentGCThread "G1 Refine#0" [stack: 0x000000782ff00000,0x0000007830000000] [id=3912]
  0x00000196d9025000 ConcurrentGCThread "G1 Refine#1" [stack: 0x000000782fe00000,0x000000782ff00000] [id=12152]
  0x00000196d9022800 ConcurrentGCThread "G1 Refine#2" [stack: 0x000000782fd00000,0x000000782fe00000] [id=7368]
  0x00000196d901f800 ConcurrentGCThread "G1 Refine#3" [stack: 0x000000782fc00000,0x000000782fd00000] [id=6412]
  0x00000196d9027800 ConcurrentGCThread "G1 Young RemSet Sampling" [stack: 0x0000007830000000,0x0000007830100000] [id=7708]

Threads with active compile tasks:

VM state:at safepoint (normal execution)

VM Mutex/Monitor currently owned by a thread:  ([mutex/lock_event])
[0x00000196d8ffec70] Threads_lock - owner thread: 0x00000196fc3b4000

Heap address: 0x0000000082000000, size: 2016 MB, Compressed Oops mode: 32-bit
Narrow klass base: 0x0000000000000000, Narrow klass shift: 3
Compressed class space size: 1073741824 Address: 0x0000000100000000

Heap:
 garbage-first heap   total 129024K, used 6920K [0x0000000082000000, 0x00000000821003f0, 0x0000000100000000)
  region size 1024K, 7 young (7168K), 2 survivors (2048K)
 Metaspace       used 12429K, capacity 13240K, committed 13312K, reserved 1060864K
  class space    used 1311K, capacity 1487K, committed 1536K, reserved 1048576K
Heap Regions: E=young(eden), S=young(survivor), O=old, HS=humongous(starts), HC=humongous(continues), CS=collection set, F=free, A=archive, TS=gc time stamp, AC=allocation context, TAMS=top-at-mark-start (previous, next)
|   0|0x0000000082000000, 0x00000000820c2200, 0x0000000082100000| 75%| O|  |TS  1|AC  0|TAMS 0x0000000082000000, 0x0000000082000000|
|   1|0x0000000082100000, 0x0000000082100000, 0x0000000082200000|  0%| F|  |TS  0|AC  0|TAMS 0x0000000082100000, 0x0000000082100000|
|   2|0x0000000082200000, 0x0000000082200000, 0x0000000082300000|  0%| F|  |TS  0|AC  0|TAMS 0x0000000082200000, 0x0000000082200000|
|   3|0x0000000082300000, 0x0000000082300000, 0x0000000082400000|  0%| F|  |TS  0|AC  0|TAMS 0x0000000082300000, 0x0000000082300000|
|   4|0x0000000082400000, 0x0000000082400000, 0x0000000082500000|  0%| F|  |TS  0|AC  0|TAMS 0x0000000082400000, 0x0000000082400000|
|   5|0x0000000082500000, 0x0000000082500000, 0x0000000082600000|  0%| F|  |TS  0|AC  0|TAMS 0x0000000082500000, 0x0000000082500000|
|   6|0x0000000082600000, 0x0000000082600000, 0x0000000082700000|  0%| F|  |TS  0|AC  0|TAMS 0x0000000082600000, 0x0000000082600000|
|   7|0x0000000082700000, 0x0000000082700000, 0x0000000082800000|  0%| F|  |TS  0|AC  0|TAMS 0x0000000082700000, 0x0000000082700000|
|   8|0x0000000082800000, 0x0000000082800000, 0x0000000082900000|  0%| F|  |TS  0|AC  0|TAMS 0x0000000082800000, 0x0000000082800000|
|   9|0x0000000082900000, 0x0000000082900000, 0x0000000082a00000|  0%| F|  |TS  0|AC  0|TAMS 0x0000000082900000, 0x0000000082900000|
|  10|0x0000000082a00000, 0x0000000082a00000, 0x0000000082b00000|  0%| F|  |TS  0|AC  0|TAMS 0x0000000082a00000, 0x0000000082a00000|
|  11|0x0000000082b00000, 0x0000000082b00000, 0x0000000082c00000|  0%| F|  |TS  0|AC  0|TAMS 0x0000000082b00000, 0x0000000082b00000|
|  12|0x0000000082c00000, 0x0000000082c00000, 0x0000000082d00000|  0%| F|  |TS  0|AC  0|TAMS 0x0000000082c00000, 0x0000000082c00000|
|  13|0x0000000082d00000, 0x0000000082d00000, 0x0000000082e00000|  0%| F|  |TS  0|AC  0|TAMS 0x0000000082d00000, 0x0000000082d00000|
|  14|0x0000000082e00000, 0x0000000082e00000, 0x0000000082f00000|  0%| F|  |TS  0|AC  0|TAMS 0x0000000082e00000, 0x0000000082e00000|
|  15|0x0000000082f00000, 0x0000000082f00000, 0x0000000083000000|  0%| F|  |TS  0|AC  0|TAMS 0x0000000082f00000, 0x0000000082f00000|
|  16|0x0000000083000000, 0x0000000083000000, 0x0000000083100000|  0%| F|  |TS  0|AC  0|TAMS 0x0000000083000000, 0x0000000083000000|
|  17|0x0000000083100000, 0x0000000083100000, 0x0000000083200000|  0%| F|  |TS  0|AC  0|TAMS 0x0000000083100000, 0x0000000083100000|
|  18|0x0000000083200000, 0x0000000083200000, 0x0000000083300000|  0%| F|  |TS  0|AC  0|TAMS 0x0000000083200000, 0x0000000083200000|
|  19|0x0000000083300000, 0x0000000083300000, 0x0000000083400000|  0%| F|  |TS  0|AC  0|TAMS 0x0000000083300000, 0x0000000083300000|
|  20|0x0000000083400000, 0x0000000083400000, 0x0000000083500000|  0%| F|  |TS  0|AC  0|TAMS 0x0000000083400000, 0x0000000083400000|
|  21|0x0000000083500000, 0x0000000083500000, 0x0000000083600000|  0%| F|  |TS  0|AC  0|TAMS 0x0000000083500000, 0x0000000083500000|
|  22|0x0000000083600000, 0x0000000083600000, 0x0000000083700000|  0%| F|  |TS  0|AC  0|TAMS 0x0000000083600000, 0x0000000083600000|
|  23|0x0000000083700000, 0x0000000083700000, 0x0000000083800000|  0%| F|  |TS  0|AC  0|TAMS 0x0000000083700000, 0x0000000083700000|
|  24|0x0000000083800000, 0x0000000083800000, 0x0000000083900000|  0%| F|  |TS  0|AC  0|TAMS 0x0000000083800000, 0x0000000083800000|
|  25|0x0000000083900000, 0x0000000083900000, 0x0000000083a00000|  0%| F|  |TS  0|AC  0|TAMS 0x0000000083900000, 0x0000000083900000|
|  26|0x0000000083a00000, 0x0000000083a00000, 0x0000000083b00000|  0%| F|  |TS  0|AC  0|TAMS 0x0000000083a00000, 0x0000000083a00000|
|  27|0x0000000083b00000, 0x0000000083b00000, 0x0000000083c00000|  0%| F|  |TS  0|AC  0|TAMS 0x0000000083b00000, 0x0000000083b00000|
|  28|0x0000000083c00000, 0x0000000083c00000, 0x0000000083d00000|  0%| F|  |TS  0|AC  0|TAMS 0x0000000083c00000, 0x0000000083c00000|
|  29|0x0000000083d00000, 0x0000000083d00000, 0x0000000083e00000|  0%| F|  |TS  0|AC  0|TAMS 0x0000000083d00000, 0x0000000083d00000|
|  30|0x0000000083e00000, 0x0000000083e00000, 0x0000000083f00000|  0%| F|  |TS  0|AC  0|TAMS 0x0000000083e00000, 0x0000000083e00000|
|  31|0x0000000083f00000, 0x0000000083f00000, 0x0000000084000000|  0%| F|  |TS  0|AC  0|TAMS 0x0000000083f00000, 0x0000000083f00000|
|  32|0x0000000084000000, 0x0000000084000000, 0x0000000084100000|  0%| F|  |TS  0|AC  0|TAMS 0x0000000084000000, 0x0000000084000000|
|  33|0x0000000084100000, 0x0000000084100000, 0x0000000084200000|  0%| F|  |TS  0|AC  0|TAMS 0x0000000084100000, 0x0000000084100000|
|  34|0x0000000084200000, 0x0000000084200000, 0x0000000084300000|  0%| F|  |TS  0|AC  0|TAMS 0x0000000084200000, 0x0000000084200000|
|  35|0x0000000084300000, 0x0000000084300000, 0x0000000084400000|  0%| F|  |TS  0|AC  0|TAMS 0x0000000084300000, 0x0000000084300000|
|  36|0x0000000084400000, 0x0000000084400000, 0x0000000084500000|  0%| F|  |TS  0|AC  0|TAMS 0x0000000084400000, 0x0000000084400000|
|  37|0x0000000084500000, 0x0000000084500000, 0x0000000084600000|  0%| F|  |TS  0|AC  0|TAMS 0x0000000084500000, 0x0000000084500000|
|  38|0x0000000084600000, 0x0000000084600000, 0x0000000084700000|  0%| F|  |TS  0|AC  0|TAMS 0x0000000084600000, 0x0000000084600000|
|  39|0x0000000084700000, 0x0000000084700000, 0x0000000084800000|  0%| F|  |TS  0|AC  0|TAMS 0x0000000084700000, 0x0000000084700000|
|  40|0x0000000084800000, 0x0000000084800000, 0x0000000084900000|  0%| F|  |TS  0|AC  0|TAMS 0x0000000084800000, 0x0000000084800000|
|  41|0x0000000084900000, 0x0000000084900000, 0x0000000084a00000|  0%| F|  |TS  0|AC  0|TAMS 0x0000000084900000, 0x0000000084900000|
|  42|0x0000000084a00000, 0x0000000084a00000, 0x0000000084b00000|  0%| F|  |TS  0|AC  0|TAMS 0x0000000084a00000, 0x0000000084a00000|
|  43|0x0000000084b00000, 0x0000000084b00000, 0x0000000084c00000|  0%| F|  |TS  0|AC  0|TAMS 0x0000000084b00000, 0x0000000084b00000|
|  44|0x0000000084c00000, 0x0000000084c00000, 0x0000000084d00000|  0%| F|  |TS  0|AC  0|TAMS 0x0000000084c00000, 0x0000000084c00000|
|  45|0x0000000084d00000, 0x0000000084d00000, 0x0000000084e00000|  0%| F|  |TS  0|AC  0|TAMS 0x0000000084d00000, 0x0000000084d00000|
|  46|0x0000000084e00000, 0x0000000084e00000, 0x0000000084f00000|  0%| F|  |TS  0|AC  0|TAMS 0x0000000084e00000, 0x0000000084e00000|
|  47|0x0000000084f00000, 0x0000000084f00000, 0x0000000085000000|  0%| F|  |TS  0|AC  0|TAMS 0x0000000084f00000, 0x0000000084f00000|
|  48|0x0000000085000000, 0x0000000085000000, 0x0000000085100000|  0%| F|  |TS  0|AC  0|TAMS 0x0000000085000000, 0x0000000085000000|
|  49|0x0000000085100000, 0x0000000085100000, 0x0000000085200000|  0%| F|  |TS  0|AC  0|TAMS 0x0000000085100000, 0x0000000085100000|
|  50|0x0000000085200000, 0x0000000085200000, 0x0000000085300000|  0%| F|  |TS  0|AC  0|TAMS 0x0000000085200000, 0x0000000085200000|
|  51|0x0000000085300000, 0x0000000085300000, 0x0000000085400000|  0%| F|  |TS  0|AC  0|TAMS 0x0000000085300000, 0x0000000085300000|
|  52|0x0000000085400000, 0x0000000085400000, 0x0000000085500000|  0%| F|  |TS  0|AC  0|TAMS 0x0000000085400000, 0x0000000085400000|
|  53|0x0000000085500000, 0x0000000085500000, 0x0000000085600000|  0%| F|  |TS  0|AC  0|TAMS 0x0000000085500000, 0x0000000085500000|
|  54|0x0000000085600000, 0x0000000085600000, 0x0000000085700000|  0%| F|  |TS  0|AC  0|TAMS 0x0000000085600000, 0x0000000085600000|
|  55|0x0000000085700000, 0x0000000085700000, 0x0000000085800000|  0%| F|  |TS  0|AC  0|TAMS 0x0000000085700000, 0x0000000085700000|
|  56|0x0000000085800000, 0x0000000085800000, 0x0000000085900000|  0%| F|  |TS  0|AC  0|TAMS 0x0000000085800000, 0x0000000085800000|
|  57|0x0000000085900000, 0x0000000085900000, 0x0000000085a00000|  0%| F|  |TS  0|AC  0|TAMS 0x0000000085900000, 0x0000000085900000|
|  58|0x0000000085a00000, 0x0000000085a00000, 0x0000000085b00000|  0%| F|  |TS  0|AC  0|TAMS 0x0000000085a00000, 0x0000000085a00000|
|  59|0x0000000085b00000, 0x0000000085b00000, 0x0000000085c00000|  0%| F|  |TS  0|AC  0|TAMS 0x0000000085b00000, 0x0000000085b00000|
|  60|0x0000000085c00000, 0x0000000085c00000, 0x0000000085d00000|  0%| F|  |TS  0|AC  0|TAMS 0x0000000085c00000, 0x0000000085c00000|
|  61|0x0000000085d00000, 0x0000000085d00000, 0x0000000085e00000|  0%| F|  |TS  0|AC  0|TAMS 0x0000000085d00000, 0x0000000085d00000|
|  62|0x0000000085e00000, 0x0000000085e00000, 0x0000000085f00000|  0%| F|  |TS  0|AC  0|TAMS 0x0000000085e00000, 0x0000000085e00000|
|  63|0x0000000085f00000, 0x0000000085f00000, 0x0000000086000000|  0%| F|  |TS  0|AC  0|TAMS 0x0000000085f00000, 0x0000000085f00000|
|  64|0x0000000086000000, 0x0000000086000000, 0x0000000086100000|  0%| F|  |TS  0|AC  0|TAMS 0x0000000086000000, 0x0000000086000000|
|  65|0x0000000086100000, 0x0000000086100000, 0x0000000086200000|  0%| F|  |TS  0|AC  0|TAMS 0x0000000086100000, 0x0000000086100000|
|  66|0x0000000086200000, 0x0000000086200000, 0x0000000086300000|  0%| F|  |TS  0|AC  0|TAMS 0x0000000086200000, 0x0000000086200000|
|  67|0x0000000086300000, 0x0000000086300000, 0x0000000086400000|  0%| F|  |TS  0|AC  0|TAMS 0x0000000086300000, 0x0000000086300000|
|  68|0x0000000086400000, 0x0000000086400000, 0x0000000086500000|  0%| F|  |TS  0|AC  0|TAMS 0x0000000086400000, 0x0000000086400000|
|  69|0x0000000086500000, 0x0000000086500000, 0x0000000086600000|  0%| F|  |TS  0|AC  0|TAMS 0x0000000086500000, 0x0000000086500000|
|  70|0x0000000086600000, 0x0000000086600000, 0x0000000086700000|  0%| F|  |TS  0|AC  0|TAMS 0x0000000086600000, 0x0000000086600000|
|  71|0x0000000086700000, 0x0000000086700000, 0x0000000086800000|  0%| F|  |TS  0|AC  0|TAMS 0x0000000086700000, 0x0000000086700000|
|  72|0x0000000086800000, 0x0000000086800000, 0x0000000086900000|  0%| F|  |TS  0|AC  0|TAMS 0x0000000086800000, 0x0000000086800000|
|  73|0x0000000086900000, 0x0000000086900000, 0x0000000086a00000|  0%| F|  |TS  0|AC  0|TAMS 0x0000000086900000, 0x0000000086900000|
|  74|0x0000000086a00000, 0x0000000086a00000, 0x0000000086b00000|  0%| F|  |TS  0|AC  0|TAMS 0x0000000086a00000, 0x0000000086a00000|
|  75|0x0000000086b00000, 0x0000000086b00000, 0x0000000086c00000|  0%| F|  |TS  0|AC  0|TAMS 0x0000000086b00000, 0x0000000086b00000|
|  76|0x0000000086c00000, 0x0000000086c00000, 0x0000000086d00000|  0%| F|  |TS  0|AC  0|TAMS 0x0000000086c00000, 0x0000000086c00000|
|  77|0x0000000086d00000, 0x0000000086d00000, 0x0000000086e00000|  0%| F|  |TS  0|AC  0|TAMS 0x0000000086d00000, 0x0000000086d00000|
|  78|0x0000000086e00000, 0x0000000086e00000, 0x0000000086f00000|  0%| F|  |TS  0|AC  0|TAMS 0x0000000086e00000, 0x0000000086e00000|
|  79|0x0000000086f00000, 0x0000000086f00000, 0x0000000087000000|  0%| F|  |TS  0|AC  0|TAMS 0x0000000086f00000, 0x0000000086f00000|
|  80|0x0000000087000000, 0x0000000087000000, 0x0000000087100000|  0%| F|  |TS  0|AC  0|TAMS 0x0000000087000000, 0x0000000087000000|
|  81|0x0000000087100000, 0x0000000087100000, 0x0000000087200000|  0%| F|  |TS  0|AC  0|TAMS 0x0000000087100000, 0x0000000087100000|
|  82|0x0000000087200000, 0x0000000087200000, 0x0000000087300000|  0%| F|  |TS  0|AC  0|TAMS 0x0000000087200000, 0x0000000087200000|
|  83|0x0000000087300000, 0x0000000087300000, 0x0000000087400000|  0%| F|  |TS  0|AC  0|TAMS 0x0000000087300000, 0x0000000087300000|
|  84|0x0000000087400000, 0x0000000087400000, 0x0000000087500000|  0%| F|  |TS  0|AC  0|TAMS 0x0000000087400000, 0x0000000087400000|
|  85|0x0000000087500000, 0x0000000087500000, 0x0000000087600000|  0%| F|  |TS  0|AC  0|TAMS 0x0000000087500000, 0x0000000087500000|
|  86|0x0000000087600000, 0x0000000087600000, 0x0000000087700000|  0%| F|  |TS  0|AC  0|TAMS 0x0000000087600000, 0x0000000087600000|
|  87|0x0000000087700000, 0x0000000087700000, 0x0000000087800000|  0%| F|  |TS  0|AC  0|TAMS 0x0000000087700000, 0x0000000087700000|
|  88|0x0000000087800000, 0x0000000087800000, 0x0000000087900000|  0%| F|  |TS  0|AC  0|TAMS 0x0000000087800000, 0x0000000087800000|
|  89|0x0000000087900000, 0x0000000087900000, 0x0000000087a00000|  0%| F|  |TS  0|AC  0|TAMS 0x0000000087900000, 0x0000000087900000|
|  90|0x0000000087a00000, 0x0000000087a00000, 0x0000000087b00000|  0%| F|  |TS  0|AC  0|TAMS 0x0000000087a00000, 0x0000000087a00000|
|  91|0x0000000087b00000, 0x0000000087b00000, 0x0000000087c00000|  0%| F|  |TS  0|AC  0|TAMS 0x0000000087b00000, 0x0000000087b00000|
|  92|0x0000000087c00000, 0x0000000087c00000, 0x0000000087d00000|  0%| F|  |TS  0|AC  0|TAMS 0x0000000087c00000, 0x0000000087c00000|
|  93|0x0000000087d00000, 0x0000000087d00000, 0x0000000087e00000|  0%| F|  |TS  0|AC  0|TAMS 0x0000000087d00000, 0x0000000087d00000|
|  94|0x0000000087e00000, 0x0000000087e00000, 0x0000000087f00000|  0%| F|  |TS  0|AC  0|TAMS 0x0000000087e00000, 0x0000000087e00000|
|  95|0x0000000087f00000, 0x0000000087f00000, 0x0000000088000000|  0%| F|  |TS  0|AC  0|TAMS 0x0000000087f00000, 0x0000000087f00000|
|  96|0x0000000088000000, 0x0000000088000000, 0x0000000088100000|  0%| F|  |TS  0|AC  0|TAMS 0x0000000088000000, 0x0000000088000000|
|  97|0x0000000088100000, 0x0000000088100000, 0x0000000088200000|  0%| F|  |TS  0|AC  0|TAMS 0x0000000088100000, 0x0000000088100000|
|  98|0x0000000088200000, 0x0000000088200000, 0x0000000088300000|  0%| F|  |TS  0|AC  0|TAMS 0x0000000088200000, 0x0000000088200000|
|  99|0x0000000088300000, 0x0000000088300000, 0x0000000088400000|  0%| F|  |TS  0|AC  0|TAMS 0x0000000088300000, 0x0000000088300000|
| 100|0x0000000088400000, 0x0000000088400000, 0x0000000088500000|  0%| F|  |TS  0|AC  0|TAMS 0x0000000088400000, 0x0000000088400000|
| 101|0x0000000088500000, 0x0000000088500000, 0x0000000088600000|  0%| F|  |TS  0|AC  0|TAMS 0x0000000088500000, 0x0000000088500000|
| 102|0x0000000088600000, 0x0000000088600000, 0x0000000088700000|  0%| F|  |TS  0|AC  0|TAMS 0x0000000088600000, 0x0000000088600000|
| 103|0x0000000088700000, 0x0000000088700000, 0x0000000088800000|  0%| F|  |TS  0|AC  0|TAMS 0x0000000088700000, 0x0000000088700000|
| 104|0x0000000088800000, 0x0000000088800000, 0x0000000088900000|  0%| F|  |TS  0|AC  0|TAMS 0x0000000088800000, 0x0000000088800000|
| 105|0x0000000088900000, 0x0000000088900000, 0x0000000088a00000|  0%| F|  |TS  0|AC  0|TAMS 0x0000000088900000, 0x0000000088900000|
| 106|0x0000000088a00000, 0x0000000088a00000, 0x0000000088b00000|  0%| F|  |TS  0|AC  0|TAMS 0x0000000088a00000, 0x0000000088a00000|
| 107|0x0000000088b00000, 0x0000000088b00000, 0x0000000088c00000|  0%| F|  |TS  0|AC  0|TAMS 0x0000000088b00000, 0x0000000088b00000|
| 108|0x0000000088c00000, 0x0000000088c00000, 0x0000000088d00000|  0%| F|  |TS  0|AC  0|TAMS 0x0000000088c00000, 0x0000000088c00000|
| 109|0x0000000088d00000, 0x0000000088d00000, 0x0000000088e00000|  0%| F|  |TS  0|AC  0|TAMS 0x0000000088d00000, 0x0000000088d00000|
| 110|0x0000000088e00000, 0x0000000088f00000, 0x0000000088f00000|100%| S|CS|TS  1|AC  0|TAMS 0x0000000088e00000, 0x0000000088e00000|
| 111|0x0000000088f00000, 0x0000000089000000, 0x0000000089000000|100%| S|CS|TS  1|AC  0|TAMS 0x0000000088f00000, 0x0000000088f00000|
| 112|0x0000000089000000, 0x0000000089000000, 0x0000000089100000|  0%| F|  |TS  1|AC  0|TAMS 0x0000000089000000, 0x0000000089000000|
| 113|0x0000000089100000, 0x0000000089100000, 0x0000000089200000|  0%| F|  |TS  1|AC  0|TAMS 0x0000000089100000, 0x0000000089100000|
| 114|0x0000000089200000, 0x0000000089200000, 0x0000000089300000|  0%| F|  |TS  1|AC  0|TAMS 0x0000000089200000, 0x0000000089200000|
| 115|0x0000000089300000, 0x0000000089300000, 0x0000000089400000|  0%| F|  |TS  1|AC  0|TAMS 0x0000000089300000, 0x0000000089300000|
| 116|0x0000000089400000, 0x0000000089400000, 0x0000000089500000|  0%| F|  |TS  1|AC  0|TAMS 0x0000000089400000, 0x0000000089400000|
| 117|0x0000000089500000, 0x0000000089500000, 0x0000000089600000|  0%| F|  |TS  1|AC  0|TAMS 0x0000000089500000, 0x0000000089500000|
| 118|0x0000000089600000, 0x0000000089600000, 0x0000000089700000|  0%| F|  |TS  1|AC  0|TAMS 0x0000000089600000, 0x0000000089600000|
| 119|0x0000000089700000, 0x0000000089700000, 0x0000000089800000|  0%| F|  |TS  1|AC  0|TAMS 0x0000000089700000, 0x0000000089700000|
| 120|0x0000000089800000, 0x0000000089800000, 0x0000000089900000|  0%| F|  |TS  1|AC  0|TAMS 0x0000000089800000, 0x0000000089800000|
| 121|0x0000000089900000, 0x0000000089a00000, 0x0000000089a00000|100%| E|  |TS  1|AC  0|TAMS 0x0000000089900000, 0x0000000089900000|
| 122|0x0000000089a00000, 0x0000000089b00000, 0x0000000089b00000|100%| E|CS|TS  1|AC  0|TAMS 0x0000000089a00000, 0x0000000089a00000|
| 123|0x0000000089b00000, 0x0000000089c00000, 0x0000000089c00000|100%| E|CS|TS  1|AC  0|TAMS 0x0000000089b00000, 0x0000000089b00000|
| 124|0x0000000089c00000, 0x0000000089d00000, 0x0000000089d00000|100%| E|CS|TS  1|AC  0|TAMS 0x0000000089c00000, 0x0000000089c00000|
| 125|0x0000000089d00000, 0x0000000089e00000, 0x0000000089e00000|100%| E|CS|TS  1|AC  0|TAMS 0x0000000089d00000, 0x0000000089d00000|

Card table byte_map: [0x00000196f4e40000,0x00000196f5230000] byte_map_base: 0x00000196f4a30000

Marking Bits (Prev, Next): (CMBitMap*) 0x00000196d908d9d0, (CMBitMap*) 0x00000196d908da08
 Prev Bits: [0x00000196f5620000, 0x00000196f75a0000)
 Next Bits: [0x00000196f75a0000, 0x00000196f9520000)

Polling page: 0x00000196d6f30000

CodeHeap 'non-profiled nmethods': size=120064Kb used=558Kb max_used=558Kb free=119505Kb
 bounds [0x00000196ecb00000, 0x00000196ecd70000, 0x00000196f4040000]
CodeHeap 'profiled nmethods': size=120000Kb used=2324Kb max_used=2324Kb free=117675Kb
 bounds [0x00000196e55d0000, 0x00000196e5840000, 0x00000196ecb00000]
CodeHeap 'non-nmethods': size=5696Kb used=1239Kb max_used=1308Kb free=4456Kb
 bounds [0x00000196e5040000, 0x00000196e52b0000, 0x00000196e55d0000]
 total_blobs=1862 nmethods=1240 adapters=314
 compilation: enabled

Compilation events (10 events):
Event: 2.161 Thread 0x00000196fc419800 nmethod 1129 0x00000196ecb72610 code [0x00000196ecb727c0, 0x00000196ecb72858]
Event: 2.161 Thread 0x00000196fc419800 1128       4       java.lang.String::checkBoundsOffCount (61 bytes)
Event: 2.162 Thread 0x00000196fc419800 nmethod 1128 0x00000196ecb72910 code [0x00000196ecb72aa0, 0x00000196ecb72b38]
Event: 2.162 Thread 0x00000196fc419800 1141       4       java.lang.reflect.Method::getAnnotation (6 bytes)
Event: 2.167 Thread 0x00000196fc419800 nmethod 1141 0x00000196ecb72c10 code [0x00000196ecb72de0, 0x00000196ecb731b8]
Event: 2.167 Thread 0x00000196fc419800 1142       4       java.util.Collections$EmptyMap::values (4 bytes)
Event: 2.167 Thread 0x00000196fc419800 nmethod 1142 0x00000196ecb73510 code [0x00000196ecb736a0, 0x00000196ecb73718]
Event: 2.167 Thread 0x00000196fc419800 1104       4       org.junit.platform.commons.util.ReflectionUtils::isPrivate (10 bytes)
Event: 2.168 Thread 0x00000196fc419800 nmethod 1104 0x00000196ecb73790 code [0x00000196ecb73920, 0x00000196ecb739b8]
Event: 2.335 Thread 0x00000196fc41f800 nmethod 1115 0x00000196ecb73a90 code [0x00000196ecb74900, 0x00000196ecb82b70]

GC Heap History (2 events):
Event: 1.280 GC heap before
{Heap before GC invocations=0 (full 0):
 garbage-first heap   total 129024K, used 14336K [0x0000000082000000, 0x00000000821003f0, 0x0000000100000000)
  region size 1024K, 14 young (14336K), 0 survivors (0K)
 Metaspace       used 11953K, capacity 12574K, committed 12672K, reserved 1060864K
  class space    used 1235K, capacity 1364K, committed 1408K, reserved 1048576K
}
Event: 1.286 GC heap after
{Heap after GC invocations=1 (full 0):
 garbage-first heap   total 129024K, used 2824K [0x0000000082000000, 0x00000000821003f0, 0x0000000100000000)
  region size 1024K, 2 young (2048K), 2 survivors (2048K)
 Metaspace       used 11953K, capacity 12574K, committed 12672K, reserved 1060864K
  class space    used 1235K, capacity 1364K, committed 1408K, reserved 1048576K
}

Deoptimization events (10 events):
Event: 0.923 Thread 0x00000196d9000000 Uncommon trap: reason=unstable_if action=reinterpret pc=0x00000196ecb301e8 method=java.util.HashMap.getNode(ILjava/lang/Object;)Ljava/util/HashMap$Node; @ 129 c2
Event: 1.011 Thread 0x00000196d9000000 Uncommon trap: reason=class_check action=maybe_recompile pc=0x00000196ecb34294 method=java.util.HashMap.putVal(ILjava/lang/Object;Ljava/lang/Object;ZZ)Ljava/lang/Object; @ 91 c2
Event: 1.013 Thread 0x00000196d9000000 Uncommon trap: reason=class_check action=maybe_recompile pc=0x00000196ecb34294 method=java.util.HashMap.putVal(ILjava/lang/Object;Ljava/lang/Object;ZZ)Ljava/lang/Object; @ 91 c2
Event: 1.013 Thread 0x00000196d9000000 Uncommon trap: reason=class_check action=maybe_recompile pc=0x00000196ecb34294 method=java.util.HashMap.putVal(ILjava/lang/Object;Ljava/lang/Object;ZZ)Ljava/lang/Object; @ 91 c2
Event: 1.164 Thread 0x00000196d9000000 Uncommon trap: reason=class_check action=maybe_recompile pc=0x00000196ecb34294 method=java.util.HashMap.putVal(ILjava/lang/Object;Ljava/lang/Object;ZZ)Ljava/lang/Object; @ 91 c2
Event: 1.272 Thread 0x00000196d9000000 Uncommon trap: reason=unstable_if action=reinterpret pc=0x00000196ecb4e3d4 method=org.junit.platform.commons.util.AnnotationUtils.findAnnotation(Ljava/lang/reflect/AnnotatedElement;Ljava/lang/Class;Ljava/util/Set;)Ljava/util/Optional; @ 41 c2
Event: 1.272 Thread 0x00000196d9000000 Uncommon trap: reason=array_check action=maybe_recompile pc=0x00000196ecb58328 method=java.util.AbstractCollection.toArray([Ljava/lang/Object;)[Ljava/lang/Object; @ 116 c2
Event: 1.272 Thread 0x00000196d9000000 Uncommon trap: reason=array_check action=maybe_recompile pc=0x00000196ecb58328 method=java.util.AbstractCollection.toArray([Ljava/lang/Object;)[Ljava/lang/Object; @ 116 c2
Event: 1.272 Thread 0x00000196d9000000 Uncommon trap: reason=array_check action=maybe_recompile pc=0x00000196ecb58328 method=java.util.AbstractCollection.toArray([Ljava/lang/Object;)[Ljava/lang/Object; @ 116 c2
Event: 1.272 Thread 0x00000196d9000000 Uncommon trap: reason=array_check action=maybe_recompile pc=0x00000196ecb58328 method=java.util.AbstractCollection.toArray([Ljava/lang/Object;)[Ljava/lang/Object; @ 116 c2

Classes redefined (2 events):
Event: 371.257 Thread 0x00000196fc3b4000 redefined class name=simulation.FishGenomeTest, count=1
Event: 454.405 Thread 0x00000196fc3b4000 redefined class name=simulation.FishGenomeTest, count=2

Internal exceptions (10 events):
Event: 1.208 Thread 0x00000196d9000000 Exception <a 'java/lang/NoSuchMethodError'{0x00000000891141e0}: java.lang.invoke.DirectMethodHandle$Holder.invokeInterface(Ljava/lang/Object;Ljava/lang/Object;)V> (0x00000000891141e0) thrown at [t:/workspace/hotspot/src/share/vm/interpreter/linkResolver.c
Event: 1.209 Thread 0x00000196d9000000 Exception <a 'java/lang/IncompatibleClassChangeError'{0x0000000089116de8}: Found class java.lang.Object, but interface was expected> (0x0000000089116de8) thrown at [t:/workspace/hotspot/src/share/vm/interpreter/linkResolver.cpp, line 793]
Event: 1.210 Thread 0x00000196d9000000 Exception <a 'java/lang/NoSuchMethodError'{0x000000008911b7c0}: java.lang.Object.lambda$accept$0(Lorg/junit/platform/engine/TestDescriptor$Visitor;Lorg/junit/platform/engine/TestDescriptor;)V> (0x000000008911b7c0) thrown at [t:/workspace/hotspot/src/share
Event: 1.212 Thread 0x00000196d9000000 Exception <a 'java/lang/NoSuchMethodError'{0x0000000089121e30}: java.lang.Object.containsTests(Lorg/junit/platform/engine/TestDescriptor;)Z> (0x0000000089121e30) thrown at [t:/workspace/hotspot/src/share/vm/interpreter/linkResolver.cpp, line 731]
Event: 1.271 Thread 0x00000196d9000000 Exception <a 'sun/nio/fs/WindowsException'{0x00000000891f9850}> (0x00000000891f9850) thrown at [t:/workspace/hotspot/src/share/vm/prims/jni.cpp, line 604]
Event: 1.274 Thread 0x00000196d9000000 Exception <a 'sun/nio/fs/WindowsException'{0x000000008900bb78}> (0x000000008900bb78) thrown at [t:/workspace/hotspot/src/share/vm/prims/jni.cpp, line 604]
Event: 1.344 Thread 0x00000196d9000000 Exception <a 'java/lang/NoSuchMethodError'{0x0000000089bad948}: method resolution failed> (0x0000000089bad948) thrown at [t:/workspace/hotspot/src/share/vm/prims/methodHandles.cpp, line 1256]
Event: 1.378 Thread 0x00000196d9000000 Exception <a 'java/lang/NoSuchMethodError'{0x0000000089a3f190}: java.lang.invoke.DirectMethodHandle$Holder.invokeInterface(Ljava/lang/Object;Ljava/lang/Object;Ljava/lang/Object;)V> (0x0000000089a3f190) thrown at [t:/workspace/hotspot/src/share/vm/interpre
Event: 1.403 Thread 0x00000196d9000000 Exception <a 'java/lang/NoSuchMethodError'{0x0000000089ab4a20}: java.lang.invoke.DirectMethodHandle$Holder.invokeStatic(Ljava/lang/Object;Ljava/lang/Object;Ljava/lang/Object;Ljava/lang/Object;Ljava/lang/Object;)V> (0x0000000089ab4a20) thrown at [t:/worksp
Event: 1.418 Thread 0x00000196d9000000 Exception <a 'java/lang/NoSuchMethodError'{0x0000000089af7280}: java.lang.invoke.DirectMethodHandle$Holder.invokeStatic(Ljava/lang/Object;Ljava/lang/Object;Ljava/lang/Object;Ljava/lang/Object;Ljava/lang/Object;Ljava/lang/Object;)V> (0x0000000089af7280) th

Events (10 events):
Event: 1645.443 Executing VM operation: GetFrameLocation done
Event: 1645.443 Executing VM operation: GetOrSetLocal
Event: 1645.443 Executing VM operation: GetOrSetLocal done
Event: 1645.448 Executing VM operation: GetFrameCount
Event: 1645.448 Executing VM operation: GetFrameCount done
Event: 1645.448 Executing VM operation: GetFrameLocation
Event: 1645.448 Executing VM operation: GetFrameLocation done
Event: 1645.449 Executing VM operation: GetFrameLocation
Event: 1645.449 Executing VM operation: GetFrameLocation done
Event: 1645.449 Executing VM operation: GetOrSetLocal


Dynamic libraries:
0x00007ff784a20000 - 0x00007ff784a5e000 	C:\Program Files\Java\jdk-9.0.4\bin\java.exe
0x00007fff15060000 - 0x00007fff15240000 	C:\WINDOWS\SYSTEM32\ntdll.dll
0x00007fff13d70000 - 0x00007fff13e1e000 	C:\WINDOWS\System32\KERNEL32.DLL
0x00007fff11480000 - 0x00007fff116e6000 	C:\WINDOWS\System32\KERNELBASE.dll
0x00007fff145f0000 - 0x00007fff14691000 	C:\WINDOWS\System32\ADVAPI32.dll
0x00007fff14400000 - 0x00007fff1449d000 	C:\WINDOWS\System32\msvcrt.dll
0x00007fff146d0000 - 0x00007fff1472b000 	C:\WINDOWS\System32\sechost.dll
0x00007fff142e0000 - 0x00007fff143ff000 	C:\WINDOWS\System32\RPCRT4.dll
0x00007fff13b50000 - 0x00007fff13cdf000 	C:\WINDOWS\System32\USER32.dll
0x00007fff11460000 - 0x00007fff11480000 	C:\WINDOWS\System32\win32u.dll
0x00007fff147f0000 - 0x00007fff14818000 	C:\WINDOWS\System32\GDI32.dll
0x00007fff11b50000 - 0x00007fff11ce3000 	C:\WINDOWS\System32\gdi32full.dll
0x00007fff11cf0000 - 0x00007fff11d8b000 	C:\WINDOWS\System32\msvcp_win.dll
0x00007fff116f0000 - 0x00007fff117e6000 	C:\WINDOWS\System32\ucrtbase.dll
0x00007fff03ad0000 - 0x00007fff03d39000 	C:\WINDOWS\WinSxS\amd64_microsoft.windows.common-controls_6595b64144ccf1df_6.0.16299.371_none_15c7d1789365a290\COMCTL32.dll
0x00007fff13e60000 - 0x00007fff14168000 	C:\WINDOWS\System32\combase.dll
0x00007fff11ad0000 - 0x00007fff11b42000 	C:\WINDOWS\System32\bcryptPrimitives.dll
0x00007fff05c20000 - 0x00007fff05c2a000 	C:\WINDOWS\SYSTEM32\VERSION.dll
0x00007fff13e30000 - 0x00007fff13e5d000 	C:\WINDOWS\System32\IMM32.DLL
0x00007ffef7580000 - 0x00007ffef766f000 	C:\Program Files\Java\jdk-9.0.4\bin\msvcr120.dll
0x00007ffefecc0000 - 0x00007ffefed66000 	C:\Program Files\Java\jdk-9.0.4\bin\msvcp120.dll
0x0000000050cb0000 - 0x00000000516d5000 	C:\Program Files\Java\jdk-9.0.4\bin\server\jvm.dll
0x00007fff146a0000 - 0x00007fff146a8000 	C:\WINDOWS\System32\PSAPI.DLL
0x00007fff10050000 - 0x00007fff10059000 	C:\WINDOWS\SYSTEM32\WSOCK32.dll
0x00007fff14f60000 - 0x00007fff14fcc000 	C:\WINDOWS\System32\WS2_32.dll
0x00007fff0dfd0000 - 0x00007fff0dff3000 	C:\WINDOWS\SYSTEM32\WINMM.dll
0x00007fff0df70000 - 0x00007fff0df9a000 	C:\WINDOWS\SYSTEM32\WINMMBASE.dll
0x00007fff11d90000 - 0x00007fff11dda000 	C:\WINDOWS\System32\cfgmgr32.dll
0x00007fff0e0f0000 - 0x00007fff0e0ff000 	C:\Program Files\Java\jdk-9.0.4\bin\verify.dll
0x00007fff0aa90000 - 0x00007fff0aab7000 	C:\Program Files\Java\jdk-9.0.4\bin\java.dll
0x00007ffef6e80000 - 0x00007ffef6eb6000 	C:\Program Files\Java\jdk-9.0.4\bin\jdwp.dll
0x00007fff0a940000 - 0x00007fff0a956000 	C:\Program Files\Java\jdk-9.0.4\bin\zip.dll
0x00007fff0d860000 - 0x00007fff0d86a000 	C:\Program Files\Java\jdk-9.0.4\bin\jimage.dll
0x00007fff12640000 - 0x00007fff13a76000 	C:\WINDOWS\System32\SHELL32.dll
0x00007fff14820000 - 0x00007fff148c6000 	C:\WINDOWS\System32\shcore.dll
0x00007fff11de0000 - 0x00007fff12527000 	C:\WINDOWS\System32\windows.storage.dll
0x00007fff14790000 - 0x00007fff147e1000 	C:\WINDOWS\System32\shlwapi.dll
0x00007fff113f0000 - 0x00007fff11401000 	C:\WINDOWS\System32\kernel.appcore.dll
0x00007fff11410000 - 0x00007fff1145c000 	C:\WINDOWS\System32\powrprof.dll
0x00007fff113d0000 - 0x00007fff113eb000 	C:\WINDOWS\System32\profapi.dll
0x00007fff0a8e0000 - 0x00007fff0a8fa000 	C:\Program Files\Java\jdk-9.0.4\bin\net.dll
0x00007fff0c910000 - 0x00007fff0c9ee000 	C:\WINDOWS\SYSTEM32\WINHTTP.dll
0x00007fff10be0000 - 0x00007fff10c46000 	C:\WINDOWS\system32\mswsock.dll
0x00007fff0a8c0000 - 0x00007fff0a8d1000 	C:\Program Files\Java\jdk-9.0.4\bin\nio.dll
0x00007ffefecb0000 - 0x00007ffefecba000 	C:\Program Files\Java\jdk-9.0.4\bin\dt_socket.dll
0x00007fff0fd40000 - 0x00007fff0ff08000 	C:\WINDOWS\SYSTEM32\dbghelp.dll

VM Arguments:
jvm_args: -agentlib:jdwp=transport=dt_socket,address=127.0.0.1:51744,suspend=y,server=n -ea -Didea.test.cyclic.buffer.size=1048576 -Dfile.encoding=UTF-8 
java_command: com.intellij.rt.execution.junit.JUnitStarter -ideVersion5 -junit5 @w@C:\Users\mikel\AppData\Local\Temp\idea_working_dirs_junit1.tmp @C:\Users\mikel\AppData\Local\Temp\idea_junit1.tmp -socket51743
java_class_path (initial): C:\Program Files\JetBrains\IntelliJ IDEA 2017.3.4\lib\idea_rt.jar;C:\Program Files\JetBrains\IntelliJ IDEA 2017.3.4\plugins\junit\lib\junit-rt.jar;C:\Program Files\JetBrains\IntelliJ IDEA 2017.3.4\plugins\junit\lib\junit5-rt.jar;C:\Users\mikel\.m2\repository\org\junit\platform\junit-platform-launcher\1.0.0\junit-platform-launcher-1.0.0.jar;C:\Users\mikel\.m2\repository\org\apiguardian\apiguardian-api\1.0.0\apiguardian-api-1.0.0.jar;C:\Users\mikel\.m2\repository\org\junit\platform\junit-platform-engine\1.0.0\junit-platform-engine-1.0.0.jar;C:\Users\mikel\.m2\repository\org\junit\platform\junit-platform-commons\1.0.0\junit-platform-commons-1.0.0.jar;C:\Users\mikel\.m2\repository\org\opentest4j\opentest4j\1.0.0\opentest4j-1.0.0.jar;C:\Users\mikel\.m2\repository\org\junit\jupiter\junit-jupiter-engine\5.0.0\junit-jupiter-engine-5.0.0.jar;C:\Users\mikel\.m2\repository\org\junit\jupiter\junit-jupiter-api\5.0.0\junit-jupiter-api-5.0.0.jar;C:\Users\mikel\OneDrive - Aalborg Universitet\AAU\Datalogi\Gruppeprojekter\P2 - Simulation\out\test\P2 - Simulation;C:\Users\mikel\OneDrive - Aalborg Universitet\AAU\Datalogi\Gruppeprojekter\P2 - Simulation\out\production\P2 - Simulation
Launcher Type: SUN_STANDARD

Logging:
Log output configuration:
#0: stdout all=warning uptime,level,tags
#1: stderr all=off uptime,level,tags

Environment Variables:
PATH=C:\ProgramData\Oracle\Java\javapath;C:\Program Files (x86)\Intel\iCLS Client\;C:\Program Files\Intel\iCLS Client\;C:\WINDOWS\system32;C:\WINDOWS;C:\WINDOWS\System32\Wbem;C:\WINDOWS\System32\WindowsPowerShell\v1.0\;C:\Program Files (x86)\Intel\Intel(R) Management Engine Components\DAL;C:\Program Files\Intel\Intel(R) Management Engine Components\DAL;C:\Program Files (x86)\Intel\Intel(R) Management Engine Components\IPT;C:\Program Files\Intel\Intel(R) Management Engine Components\IPT;C:\WINDOWS\system32\config\systemprofile\.dnx\bin;C:\Program Files\Microsoft DNX\Dnvm\;C:\Program Files\Microsoft SQL Server\130\Tools\Binn\;C:\Program Files (x86)\GtkSharp\2.12\bin;C:\Program Files (x86)\Skype\Phone\;C:\Program Files\MiKTeX 2.9\miktex\bin\x64\;C:\Users\mikel\AppData\Local\Microsoft\WindowsApps;C:\Users\mikel\AppData\Local\atom\bin;C:\Users\mikel\AppData\Local\GitHubDesktop\bin;C:\MinGW\bin;;%USERPROFILE%\AppData\Local\Microsoft\WindowsApps
USERNAME=mikel
OS=Windows_NT
PROCESSOR_IDENTIFIER=Intel64 Family 6 Model 78 Stepping 3, GenuineIntel



---------------  S Y S T E M  ---------------

OS: Windows 10 , 64 bit Build 16299 (10.0.16299.15)

CPU:total 4 (initial active 4) (2 cores per cpu, 2 threads per core) family 6 model 78 stepping 3, cmov, cx8, fxsr, mmx, sse, sse2, sse3, ssse3, sse4.1, sse4.2, popcnt, avx, avx2, aes, clmul, erms, 3dnowpref, lzcnt, ht, tsc, tscinvbit, bmi1, bmi2, adx, fma

Memory: 4k page, physical 8252500k(2889404k free), swap 18738260k(10242812k free)

vm_info: Java HotSpot(TM) 64-Bit Server VM (9.0.4+11) for windows-amd64 JRE (9.0.4+11), built on Dec 20 2017 02:18:54 by "mach5one" with MS VC++ 12.0 (VS2013)

END.
