#
# A fatal error has been detected by the Java Runtime Environment:
#
#  Internal Error (t:/workspace/hotspot/src/share/vm/utilities/constantTag.cpp:60), pid=15964, tid=1580
#  Error: ShouldNotReachHere()
#
# JRE version: Java(TM) SE Runtime Environment (9.0+11) (build 9.0.4+11)
# Java VM: Java HotSpot(TM) 64-Bit Server VM (9.0.4+11, mixed mode, tiered, compressed oops, g1 gc, windows-amd64)
# No core dump will be written. Minidumps are not enabled by default on client versions of Windows
#
# If you would like to submit a bug report, please visit:
#   http://bugreport.java.com/bugreport/crash.jsp
#

---------------  S U M M A R Y ------------

Command Line: -agentlib:jdwp=transport=dt_socket,address=127.0.0.1:54152,suspend=y,server=n -ea -Didea.test.cyclic.buffer.size=1048576 -Dfile.encoding=UTF-8 com.intellij.rt.execution.junit.JUnitStarter -ideVersion5 -junit5 simulation.fields.FishTest,getCompatibility

Host: Intel(R) Core(TM) i5-6200U CPU @ 2.30GHz, 4 cores, 7G,  Windows 10 , 64 bit Build 16299 (10.0.16299.431)
Time: Wed May 16 08:48:28 2018 Rom, sommertid elapsed time: 693 seconds (0d 0h 11m 33s)

---------------  T H R E A D  ---------------

Current thread (0x0000014e86d36800):  VMThread "VM Thread" [stack: 0x00000025e6400000,0x00000025e6500000] [id=1580]

Stack: [0x00000025e6400000,0x00000025e6500000]
[error occurred during error reporting (printing stack bounds), id 0xe0000000]

Native frames: (J=compiled Java code, j=interpreted, Vv=VM code, C=native code)
V  [jvm.dll+0x587068]
V  [jvm.dll+0x69c25e]
V  [jvm.dll+0x69d17a]
V  [jvm.dll+0x69cd05]
V  [jvm.dll+0x69d71b]
V  [jvm.dll+0x5868c6]
V  [jvm.dll+0x586c98]
C  [ntdll.dll+0xa50bd]
C  [ntdll.dll+0x1d278]
C  [ntdll.dll+0xa3fee]
C  0x0000014eef950e2a

VM_Operation (0x00000025e6fff6e0): GetOrSetLocal, mode: safepoint, requested by thread 0x0000014e870b2800


---------------  P R O C E S S  ---------------

Java Threads: ( => current thread )
  0x0000014e870e0800 JavaThread "Service Thread" daemon [_thread_blocked, id=13804, stack(0x00000025e7200000,0x00000025e7300000)]
  0x0000014e870d6000 JavaThread "JDWP Command Reader" daemon [_thread_in_native, id=8136, stack(0x00000025e7100000,0x00000025e7200000)]
  0x0000014e870c5000 JavaThread "JDWP Event Helper Thread" daemon [_thread_blocked, id=8844, stack(0x00000025e7000000,0x00000025e7100000)]
  0x0000014e870b2800 JavaThread "JDWP Transport Listener: dt_socket" daemon [_thread_blocked, id=15968, stack(0x00000025e6f00000,0x00000025e7000000)]
  0x0000014e86e3e800 JavaThread "Common-Cleaner" daemon [_thread_blocked, id=11092, stack(0x00000025e6e00000,0x00000025e6f00000)]
  0x0000014e86dd4800 JavaThread "Sweeper thread" daemon [_thread_blocked, id=6208, stack(0x00000025e6d00000,0x00000025e6e00000)]
  0x0000014e86daa800 JavaThread "C1 CompilerThread2" daemon [_thread_blocked, id=16184, stack(0x00000025e6c00000,0x00000025e6d00000)]
  0x0000014e86da6800 JavaThread "C2 CompilerThread1" daemon [_thread_blocked, id=14984, stack(0x00000025e6b00000,0x00000025e6c00000)]
  0x0000014e86d9e000 JavaThread "C2 CompilerThread0" daemon [_thread_blocked, id=12212, stack(0x00000025e6a00000,0x00000025e6b00000)]
  0x0000014e86d44800 JavaThread "Attach Listener" daemon [_thread_blocked, id=15480, stack(0x00000025e6900000,0x00000025e6a00000)]
  0x0000014e86d9c800 JavaThread "Signal Dispatcher" daemon [_thread_blocked, id=16148, stack(0x00000025e6800000,0x00000025e6900000)]
  0x0000014e86d55800 JavaThread "Finalizer" daemon [_thread_blocked, id=15584, stack(0x00000025e6600000,0x00000025e6700000)]
  0x0000014e86d4a800 JavaThread "Reference Handler" daemon [_thread_blocked, id=16152, stack(0x00000025e6500000,0x00000025e6600000)]
  0x0000014ee3aa0000 JavaThread "main" [_thread_blocked, id=4864, stack(0x00000025e5800000,0x00000025e5900000)]

Other Threads:
=>0x0000014e86d36800 VMThread "VM Thread" [stack: 0x00000025e6400000,0x00000025e6500000] [id=1580]
  0x0000014e870e8800 WatcherThread [stack: 0x00000025e7300000,0x00000025e7400000] [id=11172]
  0x0000014ee3ab8800 GCTaskThread "GC Thread#0" [stack: 0x00000025e5900000,0x00000025e5a00000] [id=16008]
  0x0000014ee3aba000 GCTaskThread "GC Thread#1" [stack: 0x00000025e5a00000,0x00000025e5b00000] [id=9144]
  0x0000014ee3abc800 GCTaskThread "GC Thread#2" [stack: 0x00000025e5b00000,0x00000025e5c00000] [id=11644]
  0x0000014ee3ac3800 GCTaskThread "GC Thread#3" [stack: 0x00000025e5c00000,0x00000025e5d00000] [id=9936]
  0x0000014ee3b31000 ConcurrentGCThread "G1 Main Marker" [stack: 0x00000025e6200000,0x00000025e6300000] [id=15604]
  0x0000014ee3b34000 ConcurrentGCThread "G1 Marker#0" [stack: 0x00000025e6300000,0x00000025e6400000] [id=8156]
  0x0000014ee3aca800 ConcurrentGCThread "G1 Refine#0" [stack: 0x00000025e6000000,0x00000025e6100000] [id=14124]
  0x0000014ee3ac9800 ConcurrentGCThread "G1 Refine#1" [stack: 0x00000025e5f00000,0x00000025e6000000] [id=15700]
  0x0000014ee3ac8800 ConcurrentGCThread "G1 Refine#2" [stack: 0x00000025e5e00000,0x00000025e5f00000] [id=10744]
  0x0000014ee3ac4800 ConcurrentGCThread "G1 Refine#3" [stack: 0x00000025e5d00000,0x00000025e5e00000] [id=11464]
  0x0000014ee3acb800 ConcurrentGCThread "G1 Young RemSet Sampling" [stack: 0x00000025e6100000,0x00000025e6200000] [id=16284]

Threads with active compile tasks:

VM state:at safepoint (normal execution)

VM Mutex/Monitor currently owned by a thread:  ([mutex/lock_event])
[0x0000014ee3a9edc0] Threads_lock - owner thread: 0x0000014e86d36800

Heap address: 0x0000000082000000, size: 2016 MB, Compressed Oops mode: 32-bit
Narrow klass base: 0x0000000000000000, Narrow klass shift: 3
Compressed class space size: 1073741824 Address: 0x0000000100000000

Heap:
 garbage-first heap   total 129024K, used 10240K [0x0000000082000000, 0x00000000821003f0, 0x0000000100000000)
  region size 1024K, 11 young (11264K), 0 survivors (0K)
 Metaspace       used 9924K, capacity 10696K, committed 11008K, reserved 1058816K
  class space    used 1022K, capacity 1153K, committed 1280K, reserved 1048576K
Heap Regions: E=young(eden), S=young(survivor), O=old, HS=humongous(starts), HC=humongous(continues), CS=collection set, F=free, A=archive, TS=gc time stamp, AC=allocation context, TAMS=top-at-mark-start (previous, next)
|   0|0x0000000082000000, 0x0000000082000000, 0x0000000082100000|  0%| F|  |TS  0|AC  0|TAMS 0x0000000082000000, 0x0000000082000000|
|   1|0x0000000082100000, 0x0000000082100000, 0x0000000082200000|  0%| F|  |TS  0|AC  0|TAMS 0x0000000082100000, 0x0000000082100000|
|   2|0x0000000082200000, 0x0000000082200000, 0x0000000082300000|  0%| F|  |TS  0|AC  0|TAMS 0x0000000082200000, 0x0000000082200000|
|   3|0x0000000082300000, 0x0000000082300000, 0x0000000082400000|  0%| F|  |TS  0|AC  0|TAMS 0x0000000082300000, 0x0000000082300000|
|   4|0x0000000082400000, 0x0000000082400000, 0x0000000082500000|  0%| F|  |TS  0|AC  0|TAMS 0x0000000082400000, 0x0000000082400000|
|   5|0x0000000082500000, 0x0000000082500000, 0x0000000082600000|  0%| F|  |TS  0|AC  0|TAMS 0x0000000082500000, 0x0000000082500000|
|   6|0x0000000082600000, 0x0000000082600000, 0x0000000082700000|  0%| F|  |TS  0|AC  0|TAMS 0x0000000082600000, 0x0000000082600000|
|   7|0x0000000082700000, 0x0000000082700000, 0x0000000082800000|  0%| F|  |TS  0|AC  0|TAMS 0x0000000082700000, 0x0000000082700000|
|   8|0x0000000082800000, 0x0000000082800000, 0x0000000082900000|  0%| F|  |TS  0|AC  0|TAMS 0x0000000082800000, 0x0000000082800000|
|   9|0x0000000082900000, 0x0000000082900000, 0x0000000082a00000|  0%| F|  |TS  0|AC  0|TAMS 0x0000000082900000, 0x0000000082900000|
|  10|0x0000000082a00000, 0x0000000082a00000, 0x0000000082b00000|  0%| F|  |TS  0|AC  0|TAMS 0x0000000082a00000, 0x0000000082a00000|
|  11|0x0000000082b00000, 0x0000000082b00000, 0x0000000082c00000|  0%| F|  |TS  0|AC  0|TAMS 0x0000000082b00000, 0x0000000082b00000|
|  12|0x0000000082c00000, 0x0000000082c00000, 0x0000000082d00000|  0%| F|  |TS  0|AC  0|TAMS 0x0000000082c00000, 0x0000000082c00000|
|  13|0x0000000082d00000, 0x0000000082d00000, 0x0000000082e00000|  0%| F|  |TS  0|AC  0|TAMS 0x0000000082d00000, 0x0000000082d00000|
|  14|0x0000000082e00000, 0x0000000082e00000, 0x0000000082f00000|  0%| F|  |TS  0|AC  0|TAMS 0x0000000082e00000, 0x0000000082e00000|
|  15|0x0000000082f00000, 0x0000000082f00000, 0x0000000083000000|  0%| F|  |TS  0|AC  0|TAMS 0x0000000082f00000, 0x0000000082f00000|
|  16|0x0000000083000000, 0x0000000083000000, 0x0000000083100000|  0%| F|  |TS  0|AC  0|TAMS 0x0000000083000000, 0x0000000083000000|
|  17|0x0000000083100000, 0x0000000083100000, 0x0000000083200000|  0%| F|  |TS  0|AC  0|TAMS 0x0000000083100000, 0x0000000083100000|
|  18|0x0000000083200000, 0x0000000083200000, 0x0000000083300000|  0%| F|  |TS  0|AC  0|TAMS 0x0000000083200000, 0x0000000083200000|
|  19|0x0000000083300000, 0x0000000083300000, 0x0000000083400000|  0%| F|  |TS  0|AC  0|TAMS 0x0000000083300000, 0x0000000083300000|
|  20|0x0000000083400000, 0x0000000083400000, 0x0000000083500000|  0%| F|  |TS  0|AC  0|TAMS 0x0000000083400000, 0x0000000083400000|
|  21|0x0000000083500000, 0x0000000083500000, 0x0000000083600000|  0%| F|  |TS  0|AC  0|TAMS 0x0000000083500000, 0x0000000083500000|
|  22|0x0000000083600000, 0x0000000083600000, 0x0000000083700000|  0%| F|  |TS  0|AC  0|TAMS 0x0000000083600000, 0x0000000083600000|
|  23|0x0000000083700000, 0x0000000083700000, 0x0000000083800000|  0%| F|  |TS  0|AC  0|TAMS 0x0000000083700000, 0x0000000083700000|
|  24|0x0000000083800000, 0x0000000083800000, 0x0000000083900000|  0%| F|  |TS  0|AC  0|TAMS 0x0000000083800000, 0x0000000083800000|
|  25|0x0000000083900000, 0x0000000083900000, 0x0000000083a00000|  0%| F|  |TS  0|AC  0|TAMS 0x0000000083900000, 0x0000000083900000|
|  26|0x0000000083a00000, 0x0000000083a00000, 0x0000000083b00000|  0%| F|  |TS  0|AC  0|TAMS 0x0000000083a00000, 0x0000000083a00000|
|  27|0x0000000083b00000, 0x0000000083b00000, 0x0000000083c00000|  0%| F|  |TS  0|AC  0|TAMS 0x0000000083b00000, 0x0000000083b00000|
|  28|0x0000000083c00000, 0x0000000083c00000, 0x0000000083d00000|  0%| F|  |TS  0|AC  0|TAMS 0x0000000083c00000, 0x0000000083c00000|
|  29|0x0000000083d00000, 0x0000000083d00000, 0x0000000083e00000|  0%| F|  |TS  0|AC  0|TAMS 0x0000000083d00000, 0x0000000083d00000|
|  30|0x0000000083e00000, 0x0000000083e00000, 0x0000000083f00000|  0%| F|  |TS  0|AC  0|TAMS 0x0000000083e00000, 0x0000000083e00000|
|  31|0x0000000083f00000, 0x0000000083f00000, 0x0000000084000000|  0%| F|  |TS  0|AC  0|TAMS 0x0000000083f00000, 0x0000000083f00000|
|  32|0x0000000084000000, 0x0000000084000000, 0x0000000084100000|  0%| F|  |TS  0|AC  0|TAMS 0x0000000084000000, 0x0000000084000000|
|  33|0x0000000084100000, 0x0000000084100000, 0x0000000084200000|  0%| F|  |TS  0|AC  0|TAMS 0x0000000084100000, 0x0000000084100000|
|  34|0x0000000084200000, 0x0000000084200000, 0x0000000084300000|  0%| F|  |TS  0|AC  0|TAMS 0x0000000084200000, 0x0000000084200000|
|  35|0x0000000084300000, 0x0000000084300000, 0x0000000084400000|  0%| F|  |TS  0|AC  0|TAMS 0x0000000084300000, 0x0000000084300000|
|  36|0x0000000084400000, 0x0000000084400000, 0x0000000084500000|  0%| F|  |TS  0|AC  0|TAMS 0x0000000084400000, 0x0000000084400000|
|  37|0x0000000084500000, 0x0000000084500000, 0x0000000084600000|  0%| F|  |TS  0|AC  0|TAMS 0x0000000084500000, 0x0000000084500000|
|  38|0x0000000084600000, 0x0000000084600000, 0x0000000084700000|  0%| F|  |TS  0|AC  0|TAMS 0x0000000084600000, 0x0000000084600000|
|  39|0x0000000084700000, 0x0000000084700000, 0x0000000084800000|  0%| F|  |TS  0|AC  0|TAMS 0x0000000084700000, 0x0000000084700000|
|  40|0x0000000084800000, 0x0000000084800000, 0x0000000084900000|  0%| F|  |TS  0|AC  0|TAMS 0x0000000084800000, 0x0000000084800000|
|  41|0x0000000084900000, 0x0000000084900000, 0x0000000084a00000|  0%| F|  |TS  0|AC  0|TAMS 0x0000000084900000, 0x0000000084900000|
|  42|0x0000000084a00000, 0x0000000084a00000, 0x0000000084b00000|  0%| F|  |TS  0|AC  0|TAMS 0x0000000084a00000, 0x0000000084a00000|
|  43|0x0000000084b00000, 0x0000000084b00000, 0x0000000084c00000|  0%| F|  |TS  0|AC  0|TAMS 0x0000000084b00000, 0x0000000084b00000|
|  44|0x0000000084c00000, 0x0000000084c00000, 0x0000000084d00000|  0%| F|  |TS  0|AC  0|TAMS 0x0000000084c00000, 0x0000000084c00000|
|  45|0x0000000084d00000, 0x0000000084d00000, 0x0000000084e00000|  0%| F|  |TS  0|AC  0|TAMS 0x0000000084d00000, 0x0000000084d00000|
|  46|0x0000000084e00000, 0x0000000084e00000, 0x0000000084f00000|  0%| F|  |TS  0|AC  0|TAMS 0x0000000084e00000, 0x0000000084e00000|
|  47|0x0000000084f00000, 0x0000000084f00000, 0x0000000085000000|  0%| F|  |TS  0|AC  0|TAMS 0x0000000084f00000, 0x0000000084f00000|
|  48|0x0000000085000000, 0x0000000085000000, 0x0000000085100000|  0%| F|  |TS  0|AC  0|TAMS 0x0000000085000000, 0x0000000085000000|
|  49|0x0000000085100000, 0x0000000085100000, 0x0000000085200000|  0%| F|  |TS  0|AC  0|TAMS 0x0000000085100000, 0x0000000085100000|
|  50|0x0000000085200000, 0x0000000085200000, 0x0000000085300000|  0%| F|  |TS  0|AC  0|TAMS 0x0000000085200000, 0x0000000085200000|
|  51|0x0000000085300000, 0x0000000085300000, 0x0000000085400000|  0%| F|  |TS  0|AC  0|TAMS 0x0000000085300000, 0x0000000085300000|
|  52|0x0000000085400000, 0x0000000085400000, 0x0000000085500000|  0%| F|  |TS  0|AC  0|TAMS 0x0000000085400000, 0x0000000085400000|
|  53|0x0000000085500000, 0x0000000085500000, 0x0000000085600000|  0%| F|  |TS  0|AC  0|TAMS 0x0000000085500000, 0x0000000085500000|
|  54|0x0000000085600000, 0x0000000085600000, 0x0000000085700000|  0%| F|  |TS  0|AC  0|TAMS 0x0000000085600000, 0x0000000085600000|
|  55|0x0000000085700000, 0x0000000085700000, 0x0000000085800000|  0%| F|  |TS  0|AC  0|TAMS 0x0000000085700000, 0x0000000085700000|
|  56|0x0000000085800000, 0x0000000085800000, 0x0000000085900000|  0%| F|  |TS  0|AC  0|TAMS 0x0000000085800000, 0x0000000085800000|
|  57|0x0000000085900000, 0x0000000085900000, 0x0000000085a00000|  0%| F|  |TS  0|AC  0|TAMS 0x0000000085900000, 0x0000000085900000|
|  58|0x0000000085a00000, 0x0000000085a00000, 0x0000000085b00000|  0%| F|  |TS  0|AC  0|TAMS 0x0000000085a00000, 0x0000000085a00000|
|  59|0x0000000085b00000, 0x0000000085b00000, 0x0000000085c00000|  0%| F|  |TS  0|AC  0|TAMS 0x0000000085b00000, 0x0000000085b00000|
|  60|0x0000000085c00000, 0x0000000085c00000, 0x0000000085d00000|  0%| F|  |TS  0|AC  0|TAMS 0x0000000085c00000, 0x0000000085c00000|
|  61|0x0000000085d00000, 0x0000000085d00000, 0x0000000085e00000|  0%| F|  |TS  0|AC  0|TAMS 0x0000000085d00000, 0x0000000085d00000|
|  62|0x0000000085e00000, 0x0000000085e00000, 0x0000000085f00000|  0%| F|  |TS  0|AC  0|TAMS 0x0000000085e00000, 0x0000000085e00000|
|  63|0x0000000085f00000, 0x0000000085f00000, 0x0000000086000000|  0%| F|  |TS  0|AC  0|TAMS 0x0000000085f00000, 0x0000000085f00000|
|  64|0x0000000086000000, 0x0000000086000000, 0x0000000086100000|  0%| F|  |TS  0|AC  0|TAMS 0x0000000086000000, 0x0000000086000000|
|  65|0x0000000086100000, 0x0000000086100000, 0x0000000086200000|  0%| F|  |TS  0|AC  0|TAMS 0x0000000086100000, 0x0000000086100000|
|  66|0x0000000086200000, 0x0000000086200000, 0x0000000086300000|  0%| F|  |TS  0|AC  0|TAMS 0x0000000086200000, 0x0000000086200000|
|  67|0x0000000086300000, 0x0000000086300000, 0x0000000086400000|  0%| F|  |TS  0|AC  0|TAMS 0x0000000086300000, 0x0000000086300000|
|  68|0x0000000086400000, 0x0000000086400000, 0x0000000086500000|  0%| F|  |TS  0|AC  0|TAMS 0x0000000086400000, 0x0000000086400000|
|  69|0x0000000086500000, 0x0000000086500000, 0x0000000086600000|  0%| F|  |TS  0|AC  0|TAMS 0x0000000086500000, 0x0000000086500000|
|  70|0x0000000086600000, 0x0000000086600000, 0x0000000086700000|  0%| F|  |TS  0|AC  0|TAMS 0x0000000086600000, 0x0000000086600000|
|  71|0x0000000086700000, 0x0000000086700000, 0x0000000086800000|  0%| F|  |TS  0|AC  0|TAMS 0x0000000086700000, 0x0000000086700000|
|  72|0x0000000086800000, 0x0000000086800000, 0x0000000086900000|  0%| F|  |TS  0|AC  0|TAMS 0x0000000086800000, 0x0000000086800000|
|  73|0x0000000086900000, 0x0000000086900000, 0x0000000086a00000|  0%| F|  |TS  0|AC  0|TAMS 0x0000000086900000, 0x0000000086900000|
|  74|0x0000000086a00000, 0x0000000086a00000, 0x0000000086b00000|  0%| F|  |TS  0|AC  0|TAMS 0x0000000086a00000, 0x0000000086a00000|
|  75|0x0000000086b00000, 0x0000000086b00000, 0x0000000086c00000|  0%| F|  |TS  0|AC  0|TAMS 0x0000000086b00000, 0x0000000086b00000|
|  76|0x0000000086c00000, 0x0000000086c00000, 0x0000000086d00000|  0%| F|  |TS  0|AC  0|TAMS 0x0000000086c00000, 0x0000000086c00000|
|  77|0x0000000086d00000, 0x0000000086d00000, 0x0000000086e00000|  0%| F|  |TS  0|AC  0|TAMS 0x0000000086d00000, 0x0000000086d00000|
|  78|0x0000000086e00000, 0x0000000086e00000, 0x0000000086f00000|  0%| F|  |TS  0|AC  0|TAMS 0x0000000086e00000, 0x0000000086e00000|
|  79|0x0000000086f00000, 0x0000000086f00000, 0x0000000087000000|  0%| F|  |TS  0|AC  0|TAMS 0x0000000086f00000, 0x0000000086f00000|
|  80|0x0000000087000000, 0x0000000087000000, 0x0000000087100000|  0%| F|  |TS  0|AC  0|TAMS 0x0000000087000000, 0x0000000087000000|
|  81|0x0000000087100000, 0x0000000087100000, 0x0000000087200000|  0%| F|  |TS  0|AC  0|TAMS 0x0000000087100000, 0x0000000087100000|
|  82|0x0000000087200000, 0x0000000087200000, 0x0000000087300000|  0%| F|  |TS  0|AC  0|TAMS 0x0000000087200000, 0x0000000087200000|
|  83|0x0000000087300000, 0x0000000087300000, 0x0000000087400000|  0%| F|  |TS  0|AC  0|TAMS 0x0000000087300000, 0x0000000087300000|
|  84|0x0000000087400000, 0x0000000087400000, 0x0000000087500000|  0%| F|  |TS  0|AC  0|TAMS 0x0000000087400000, 0x0000000087400000|
|  85|0x0000000087500000, 0x0000000087500000, 0x0000000087600000|  0%| F|  |TS  0|AC  0|TAMS 0x0000000087500000, 0x0000000087500000|
|  86|0x0000000087600000, 0x0000000087600000, 0x0000000087700000|  0%| F|  |TS  0|AC  0|TAMS 0x0000000087600000, 0x0000000087600000|
|  87|0x0000000087700000, 0x0000000087700000, 0x0000000087800000|  0%| F|  |TS  0|AC  0|TAMS 0x0000000087700000, 0x0000000087700000|
|  88|0x0000000087800000, 0x0000000087800000, 0x0000000087900000|  0%| F|  |TS  0|AC  0|TAMS 0x0000000087800000, 0x0000000087800000|
|  89|0x0000000087900000, 0x0000000087900000, 0x0000000087a00000|  0%| F|  |TS  0|AC  0|TAMS 0x0000000087900000, 0x0000000087900000|
|  90|0x0000000087a00000, 0x0000000087a00000, 0x0000000087b00000|  0%| F|  |TS  0|AC  0|TAMS 0x0000000087a00000, 0x0000000087a00000|
|  91|0x0000000087b00000, 0x0000000087b00000, 0x0000000087c00000|  0%| F|  |TS  0|AC  0|TAMS 0x0000000087b00000, 0x0000000087b00000|
|  92|0x0000000087c00000, 0x0000000087c00000, 0x0000000087d00000|  0%| F|  |TS  0|AC  0|TAMS 0x0000000087c00000, 0x0000000087c00000|
|  93|0x0000000087d00000, 0x0000000087d00000, 0x0000000087e00000|  0%| F|  |TS  0|AC  0|TAMS 0x0000000087d00000, 0x0000000087d00000|
|  94|0x0000000087e00000, 0x0000000087e00000, 0x0000000087f00000|  0%| F|  |TS  0|AC  0|TAMS 0x0000000087e00000, 0x0000000087e00000|
|  95|0x0000000087f00000, 0x0000000087f00000, 0x0000000088000000|  0%| F|  |TS  0|AC  0|TAMS 0x0000000087f00000, 0x0000000087f00000|
|  96|0x0000000088000000, 0x0000000088000000, 0x0000000088100000|  0%| F|  |TS  0|AC  0|TAMS 0x0000000088000000, 0x0000000088000000|
|  97|0x0000000088100000, 0x0000000088100000, 0x0000000088200000|  0%| F|  |TS  0|AC  0|TAMS 0x0000000088100000, 0x0000000088100000|
|  98|0x0000000088200000, 0x0000000088200000, 0x0000000088300000|  0%| F|  |TS  0|AC  0|TAMS 0x0000000088200000, 0x0000000088200000|
|  99|0x0000000088300000, 0x0000000088300000, 0x0000000088400000|  0%| F|  |TS  0|AC  0|TAMS 0x0000000088300000, 0x0000000088300000|
| 100|0x0000000088400000, 0x0000000088400000, 0x0000000088500000|  0%| F|  |TS  0|AC  0|TAMS 0x0000000088400000, 0x0000000088400000|
| 101|0x0000000088500000, 0x0000000088500000, 0x0000000088600000|  0%| F|  |TS  0|AC  0|TAMS 0x0000000088500000, 0x0000000088500000|
| 102|0x0000000088600000, 0x0000000088600000, 0x0000000088700000|  0%| F|  |TS  0|AC  0|TAMS 0x0000000088600000, 0x0000000088600000|
| 103|0x0000000088700000, 0x0000000088700000, 0x0000000088800000|  0%| F|  |TS  0|AC  0|TAMS 0x0000000088700000, 0x0000000088700000|
| 104|0x0000000088800000, 0x0000000088800000, 0x0000000088900000|  0%| F|  |TS  0|AC  0|TAMS 0x0000000088800000, 0x0000000088800000|
| 105|0x0000000088900000, 0x0000000088900000, 0x0000000088a00000|  0%| F|  |TS  0|AC  0|TAMS 0x0000000088900000, 0x0000000088900000|
| 106|0x0000000088a00000, 0x0000000088a00000, 0x0000000088b00000|  0%| F|  |TS  0|AC  0|TAMS 0x0000000088a00000, 0x0000000088a00000|
| 107|0x0000000088b00000, 0x0000000088b00000, 0x0000000088c00000|  0%| F|  |TS  0|AC  0|TAMS 0x0000000088b00000, 0x0000000088b00000|
| 108|0x0000000088c00000, 0x0000000088c00000, 0x0000000088d00000|  0%| F|  |TS  0|AC  0|TAMS 0x0000000088c00000, 0x0000000088c00000|
| 109|0x0000000088d00000, 0x0000000088d00000, 0x0000000088e00000|  0%| F|  |TS  0|AC  0|TAMS 0x0000000088d00000, 0x0000000088d00000|
| 110|0x0000000088e00000, 0x0000000088e00000, 0x0000000088f00000|  0%| F|  |TS  0|AC  0|TAMS 0x0000000088e00000, 0x0000000088e00000|
| 111|0x0000000088f00000, 0x0000000088f00000, 0x0000000089000000|  0%| F|  |TS  0|AC  0|TAMS 0x0000000088f00000, 0x0000000088f00000|
| 112|0x0000000089000000, 0x0000000089000000, 0x0000000089100000|  0%| F|  |TS  0|AC  0|TAMS 0x0000000089000000, 0x0000000089000000|
| 113|0x0000000089100000, 0x0000000089100000, 0x0000000089200000|  0%| F|  |TS  0|AC  0|TAMS 0x0000000089100000, 0x0000000089100000|
| 114|0x0000000089200000, 0x0000000089200000, 0x0000000089300000|  0%| F|  |TS  0|AC  0|TAMS 0x0000000089200000, 0x0000000089200000|
| 115|0x0000000089300000, 0x000000008938fe88, 0x0000000089400000| 56%| E|  |TS  0|AC  0|TAMS 0x0000000089300000, 0x0000000089300000|
| 116|0x0000000089400000, 0x0000000089500000, 0x0000000089500000|100%| E|CS|TS  0|AC  0|TAMS 0x0000000089400000, 0x0000000089400000|
| 117|0x0000000089500000, 0x0000000089600000, 0x0000000089600000|100%| E|CS|TS  0|AC  0|TAMS 0x0000000089500000, 0x0000000089500000|
| 118|0x0000000089600000, 0x0000000089700000, 0x0000000089700000|100%| E|CS|TS  0|AC  0|TAMS 0x0000000089600000, 0x0000000089600000|
| 119|0x0000000089700000, 0x0000000089800000, 0x0000000089800000|100%| E|CS|TS  0|AC  0|TAMS 0x0000000089700000, 0x0000000089700000|
| 120|0x0000000089800000, 0x0000000089900000, 0x0000000089900000|100%| E|CS|TS  0|AC  0|TAMS 0x0000000089800000, 0x0000000089800000|
| 121|0x0000000089900000, 0x0000000089a00000, 0x0000000089a00000|100%| E|CS|TS  0|AC  0|TAMS 0x0000000089900000, 0x0000000089900000|
| 122|0x0000000089a00000, 0x0000000089b00000, 0x0000000089b00000|100%| E|CS|TS  0|AC  0|TAMS 0x0000000089a00000, 0x0000000089a00000|
| 123|0x0000000089b00000, 0x0000000089c00000, 0x0000000089c00000|100%| E|CS|TS  0|AC  0|TAMS 0x0000000089b00000, 0x0000000089b00000|
| 124|0x0000000089c00000, 0x0000000089d00000, 0x0000000089d00000|100%| E|CS|TS  0|AC  0|TAMS 0x0000000089c00000, 0x0000000089c00000|
| 125|0x0000000089d00000, 0x0000000089e00000, 0x0000000089e00000|100%| E|CS|TS  0|AC  0|TAMS 0x0000000089d00000, 0x0000000089d00000|

Card table byte_map: [0x0000014eff750000,0x0000014effb40000] byte_map_base: 0x0000014eff340000

Marking Bits (Prev, Next): (CMBitMap*) 0x0000014ee3b30330, (CMBitMap*) 0x0000014ee3b30368
 Prev Bits: [0x0000014e80000000, 0x0000014e81f80000)
 Next Bits: [0x0000014e81f80000, 0x0000014e83f00000)

Polling page: 0x0000014ee1800000

CodeHeap 'non-profiled nmethods': size=120064Kb used=302Kb max_used=302Kb free=119761Kb
 bounds [0x0000014ef7410000, 0x0000014ef7680000, 0x0000014efe950000]
CodeHeap 'profiled nmethods': size=120000Kb used=1606Kb max_used=1606Kb free=118393Kb
 bounds [0x0000014eefee0000, 0x0000014ef0150000, 0x0000014ef7410000]
CodeHeap 'non-nmethods': size=5696Kb used=1211Kb max_used=1226Kb free=4484Kb
 bounds [0x0000014eef950000, 0x0000014eefbc0000, 0x0000014eefee0000]
 total_blobs=1443 nmethods=925 adapters=275
 compilation: enabled

Compilation events (10 events):
Event: 5.458 Thread 0x0000014e86daa800  915       3       java.lang.Class::isLocalClass (27 bytes)
Event: 5.458 Thread 0x0000014e86daa800 nmethod 915 0x0000014ef0070490 code [0x0000014ef0070680, 0x0000014ef0070b00]
Event: 5.458 Thread 0x0000014e86daa800  916       3       java.lang.invoke.LambdaForm$NamedFunction::member (26 bytes)
Event: 5.458 Thread 0x0000014e86daa800 nmethod 916 0x0000014ef0070c90 code [0x0000014ef0070e40, 0x0000014ef0070fb8]
Event: 5.458 Thread 0x0000014e86daa800  923       3       sun.invoke.util.VerifyType::isNullType (18 bytes)
Event: 5.458 Thread 0x0000014e86daa800 nmethod 923 0x0000014ef0071090 code [0x0000014ef0071240, 0x0000014ef0071438]
Event: 5.458 Thread 0x0000014e86daa800  921       3       java.lang.invoke.BoundMethodHandle$Factory::typeSig (16 bytes)
Event: 5.459 Thread 0x0000014e86daa800 nmethod 921 0x0000014ef0071510 code [0x0000014ef00716c0, 0x0000014ef0071890]
Event: 5.459 Thread 0x0000014e86daa800  924       1       sun.invoke.util.Wrapper::primitiveType (5 bytes)
Event: 5.459 Thread 0x0000014e86daa800 nmethod 924 0x0000014ef745b810 code [0x0000014ef745b9c0, 0x0000014ef745bad8]

GC Heap History (0 events):
No events

Deoptimization events (9 events):
Event: 0.221 Thread 0x0000014ee3aa0000 Uncommon trap: reason=range_check action=reinterpret pc=0x0000014ef7414290 method=java.lang.StringLatin1.indexOf([BII)I @ 13 c2
Event: 0.276 Thread 0x0000014ee3aa0000 Uncommon trap: reason=unstable_if action=reinterpret pc=0x0000014ef7412bfc method=java.lang.String.charAt(I)C @ 4 c2
Event: 0.718 Thread 0x0000014ee3aa0000 Uncommon trap: reason=unstable_if action=reinterpret pc=0x0000014ef74413f0 method=java.util.HashMap.getNode(ILjava/lang/Object;)Ljava/util/HashMap$Node; @ 129 c2
Event: 0.747 Thread 0x0000014ee3aa0000 Uncommon trap: reason=class_check action=maybe_recompile pc=0x0000014ef7445214 method=java.util.HashMap.putVal(ILjava/lang/Object;Ljava/lang/Object;ZZ)Ljava/lang/Object; @ 91 c2
Event: 0.749 Thread 0x0000014ee3aa0000 Uncommon trap: reason=class_check action=maybe_recompile pc=0x0000014ef7445214 method=java.util.HashMap.putVal(ILjava/lang/Object;Ljava/lang/Object;ZZ)Ljava/lang/Object; @ 91 c2
Event: 0.772 Thread 0x0000014ee3aa0000 Uncommon trap: reason=class_check action=maybe_recompile pc=0x0000014ef7445214 method=java.util.HashMap.putVal(ILjava/lang/Object;Ljava/lang/Object;ZZ)Ljava/lang/Object; @ 91 c2
Event: 0.774 Thread 0x0000014ee3aa0000 Uncommon trap: reason=class_check action=maybe_recompile pc=0x0000014ef7445214 method=java.util.HashMap.putVal(ILjava/lang/Object;Ljava/lang/Object;ZZ)Ljava/lang/Object; @ 91 c2
Event: 0.849 Thread 0x0000014ee3aa0000 Uncommon trap: reason=unstable_if action=reinterpret pc=0x0000014ef7442a40 method=java.util.HashMap.getNode(ILjava/lang/Object;)Ljava/util/HashMap$Node; @ 129 c2
Event: 5.453 Thread 0x0000014ee3aa0000 Uncommon trap: reason=unstable_if action=reinterpret pc=0x0000014ef74523a4 method=jdk.internal.org.objectweb.asm.Type.getArgumentsAndReturnSizes(Ljava/lang/String;)I @ 136 c2

Classes redefined (4 events):
Event: 72.292 Thread 0x0000014e86d36800 redefined class name=simulation.fields.FishTest, count=1
Event: 142.148 Thread 0x0000014e86d36800 redefined class name=simulation.fields.FishTest, count=2
Event: 569.845 Thread 0x0000014e86d36800 redefined class name=simulation.fields.FishTest, count=3
Event: 693.143 Thread 0x0000014e86d36800 redefined class name=simulation.fields.FishTest, count=4

Internal exceptions (10 events):
Event: 0.671 Thread 0x0000014ee3aa0000 Exception <a 'java/lang/NoSuchMethodError'{0x00000000898f2d28}: java.lang.invoke.DirectMethodHandle$Holder.invokeStaticInit(Ljava/lang/Object;Ljava/lang/Object;)I> (0x00000000898f2d28) thrown at [t:/workspace/hotspot/src/share/vm/interpreter/linkResolver.
Event: 0.692 Thread 0x0000014ee3aa0000 Exception <a 'java/lang/NoSuchMethodError'{0x0000000089738a90}: java.lang.Object.of([Ljava/lang/Object;)Ljava/util/stream/Stream;> (0x0000000089738a90) thrown at [t:/workspace/hotspot/src/share/vm/interpreter/linkResolver.cpp, line 731]
Event: 0.750 Thread 0x0000014ee3aa0000 Exception <a 'java/lang/NoSuchMethodError'{0x000000008963b020}: java.lang.invoke.DirectMethodHandle$Holder.invokeInterface(Ljava/lang/Object;Ljava/lang/Object;)V> (0x000000008963b020) thrown at [t:/workspace/hotspot/src/share/vm/interpreter/linkResolver.c
Event: 0.752 Thread 0x0000014ee3aa0000 Exception <a 'java/lang/IncompatibleClassChangeError'{0x000000008963dc28}: Found class java.lang.Object, but interface was expected> (0x000000008963dc28) thrown at [t:/workspace/hotspot/src/share/vm/interpreter/linkResolver.cpp, line 793]
Event: 0.753 Thread 0x0000014ee3aa0000 Exception <a 'java/lang/NoSuchMethodError'{0x0000000089642430}: java.lang.Object.lambda$accept$0(Lorg/junit/platform/engine/TestDescriptor$Visitor;Lorg/junit/platform/engine/TestDescriptor;)V> (0x0000000089642430) thrown at [t:/workspace/hotspot/src/share
Event: 0.755 Thread 0x0000014ee3aa0000 Exception <a 'java/lang/NoSuchMethodError'{0x0000000089648ce0}: java.lang.Object.containsTests(Lorg/junit/platform/engine/TestDescriptor;)Z> (0x0000000089648ce0) thrown at [t:/workspace/hotspot/src/share/vm/interpreter/linkResolver.cpp, line 731]
Event: 0.757 Thread 0x0000014ee3aa0000 Exception <a 'java/lang/NoSuchMethodError'{0x0000000089659010}: java.lang.invoke.DirectMethodHandle$Holder.invokeSpecial(Ljava/lang/Object;Ljava/lang/Object;Ljava/lang/Object;Ljava/lang/Object;)V> (0x0000000089659010) thrown at [t:/workspace/hotspot/src/s
Event: 0.834 Thread 0x0000014ee3aa0000 Exception <a 'java/lang/NoSuchMethodError'{0x0000000089583868}: method resolution failed> (0x0000000089583868) thrown at [t:/workspace/hotspot/src/share/vm/prims/methodHandles.cpp, line 1256]
Event: 0.847 Thread 0x0000014ee3aa0000 Exception <a 'java/lang/NoSuchMethodError'{0x00000000895ce308}: java.lang.Object.lambda$andThen$1(Ljava/util/function/Function;Ljava/lang/Object;)Ljava/lang/Object;> (0x00000000895ce308) thrown at [t:/workspace/hotspot/src/share/vm/interpreter/linkResolve
Event: 0.870 Thread 0x0000014ee3aa0000 Exception <a 'java/lang/NoSuchMethodError'{0x0000000089439e20}: java.lang.invoke.DirectMethodHandle$Holder.invokeInterface(Ljava/lang/Object;Ljava/lang/Object;Ljava/lang/Object;)V> (0x0000000089439e20) thrown at [t:/workspace/hotspot/src/share/vm/interpre

Events (10 events):
Event: 693.144 Executing VM operation: RedefineClasses done
Event: 693.144 Executing VM operation: GetFrameCount
Event: 693.145 Executing VM operation: GetFrameCount done
Event: 693.145 Executing VM operation: GetFrameCount
Event: 693.145 Executing VM operation: GetFrameCount done
Event: 693.145 Executing VM operation: GetFrameLocation
Event: 693.145 Executing VM operation: GetFrameLocation done
Event: 693.146 Executing VM operation: GetFrameLocation
Event: 693.146 Executing VM operation: GetFrameLocation done
Event: 693.146 Executing VM operation: GetOrSetLocal


Dynamic libraries:
0x00007ff6b0590000 - 0x00007ff6b05ce000 	C:\Program Files\Java\jdk-9.0.4\bin\java.exe
0x00007ffce2040000 - 0x00007ffce2220000 	C:\WINDOWS\SYSTEM32\ntdll.dll
0x00007ffcdf9b0000 - 0x00007ffcdfa5e000 	C:\WINDOWS\System32\KERNEL32.DLL
0x00007ffcde440000 - 0x00007ffcde6a6000 	C:\WINDOWS\System32\KERNELBASE.dll
0x00007ffce1b30000 - 0x00007ffce1bd1000 	C:\WINDOWS\System32\ADVAPI32.dll
0x00007ffce13d0000 - 0x00007ffce146d000 	C:\WINDOWS\System32\msvcrt.dll
0x00007ffcdf510000 - 0x00007ffcdf56b000 	C:\WINDOWS\System32\sechost.dll
0x00007ffce18c0000 - 0x00007ffce19df000 	C:\WINDOWS\System32\RPCRT4.dll
0x00007ffcdf600000 - 0x00007ffcdf78f000 	C:\WINDOWS\System32\USER32.dll
0x00007ffcde6b0000 - 0x00007ffcde6d0000 	C:\WINDOWS\System32\win32u.dll
0x00007ffcdfa60000 - 0x00007ffcdfa88000 	C:\WINDOWS\System32\GDI32.dll
0x00007ffcdea30000 - 0x00007ffcdebc3000 	C:\WINDOWS\System32\gdi32full.dll
0x00007ffcdf470000 - 0x00007ffcdf50b000 	C:\WINDOWS\System32\msvcp_win.dll
0x00007ffcdec20000 - 0x00007ffcded16000 	C:\WINDOWS\System32\ucrtbase.dll
0x00007ffcd40c0000 - 0x00007ffcd4329000 	C:\WINDOWS\WinSxS\amd64_microsoft.windows.common-controls_6595b64144ccf1df_6.0.16299.431_none_15c7d3ee93659e73\COMCTL32.dll
0x00007ffcd61d0000 - 0x00007ffcd61da000 	C:\WINDOWS\SYSTEM32\VERSION.dll
0x00007ffcdfc80000 - 0x00007ffcdff88000 	C:\WINDOWS\System32\combase.dll
0x00007ffcde6d0000 - 0x00007ffcde742000 	C:\WINDOWS\System32\bcryptPrimitives.dll
0x00007ffcdfc50000 - 0x00007ffcdfc7d000 	C:\WINDOWS\System32\IMM32.DLL
0x00007ffccf3a0000 - 0x00007ffccf48f000 	C:\Program Files\Java\jdk-9.0.4\bin\msvcr120.dll
0x00007ffcd2250000 - 0x00007ffcd22f6000 	C:\Program Files\Java\jdk-9.0.4\bin\msvcp120.dll
0x0000000061090000 - 0x0000000061ab5000 	C:\Program Files\Java\jdk-9.0.4\bin\server\jvm.dll
0x00007ffce1c50000 - 0x00007ffce1c58000 	C:\WINDOWS\System32\PSAPI.DLL
0x00007ffccff20000 - 0x00007ffccff43000 	C:\WINDOWS\SYSTEM32\WINMM.dll
0x00007ffcdd030000 - 0x00007ffcdd039000 	C:\WINDOWS\SYSTEM32\WSOCK32.dll
0x00007ffce1c60000 - 0x00007ffce1ccc000 	C:\WINDOWS\System32\WS2_32.dll
0x00007ffccf230000 - 0x00007ffccf25a000 	C:\WINDOWS\SYSTEM32\WINMMBASE.dll
0x00007ffcdebd0000 - 0x00007ffcdec1a000 	C:\WINDOWS\System32\cfgmgr32.dll
0x00007ffcd9610000 - 0x00007ffcd961f000 	C:\Program Files\Java\jdk-9.0.4\bin\verify.dll
0x00007ffcd9590000 - 0x00007ffcd95b7000 	C:\Program Files\Java\jdk-9.0.4\bin\java.dll
0x00007ffcd1ee0000 - 0x00007ffcd1f16000 	C:\Program Files\Java\jdk-9.0.4\bin\jdwp.dll
0x00007ffcd95f0000 - 0x00007ffcd9606000 	C:\Program Files\Java\jdk-9.0.4\bin\zip.dll
0x00007ffcd9560000 - 0x00007ffcd956a000 	C:\Program Files\Java\jdk-9.0.4\bin\jimage.dll
0x00007ffcdff90000 - 0x00007ffce13c8000 	C:\WINDOWS\System32\SHELL32.dll
0x00007ffcdf900000 - 0x00007ffcdf9a6000 	C:\WINDOWS\System32\shcore.dll
0x00007ffcded20000 - 0x00007ffcdf467000 	C:\WINDOWS\System32\windows.storage.dll
0x00007ffce1bf0000 - 0x00007ffce1c41000 	C:\WINDOWS\System32\shlwapi.dll
0x00007ffcde390000 - 0x00007ffcde3a1000 	C:\WINDOWS\System32\kernel.appcore.dll
0x00007ffcde3d0000 - 0x00007ffcde41c000 	C:\WINDOWS\System32\powrprof.dll
0x00007ffcde3b0000 - 0x00007ffcde3cb000 	C:\WINDOWS\System32\profapi.dll
0x00007ffcd9500000 - 0x00007ffcd951a000 	C:\Program Files\Java\jdk-9.0.4\bin\net.dll
0x00007ffcd9b30000 - 0x00007ffcd9c0e000 	C:\WINDOWS\SYSTEM32\WINHTTP.dll
0x00007ffcddbc0000 - 0x00007ffcddc26000 	C:\WINDOWS\system32\mswsock.dll
0x00007ffcd8610000 - 0x00007ffcd8621000 	C:\Program Files\Java\jdk-9.0.4\bin\nio.dll
0x00007ffcd9550000 - 0x00007ffcd955a000 	C:\Program Files\Java\jdk-9.0.4\bin\dt_socket.dll
0x00007ffcdcd20000 - 0x00007ffcdcee8000 	C:\WINDOWS\SYSTEM32\dbghelp.dll

VM Arguments:
jvm_args: -agentlib:jdwp=transport=dt_socket,address=127.0.0.1:54152,suspend=y,server=n -ea -Didea.test.cyclic.buffer.size=1048576 -Dfile.encoding=UTF-8 
java_command: com.intellij.rt.execution.junit.JUnitStarter -ideVersion5 -junit5 simulation.fields.FishTest,getCompatibility
java_class_path (initial): C:\Program Files\JetBrains\IntelliJ IDEA 2017.3.4\lib\idea_rt.jar;C:\Program Files\JetBrains\IntelliJ IDEA 2017.3.4\plugins\junit\lib\junit-rt.jar;C:\Program Files\JetBrains\IntelliJ IDEA 2017.3.4\plugins\junit\lib\junit5-rt.jar;C:\Users\mikel\.m2\repository\org\junit\platform\junit-platform-launcher\1.0.0\junit-platform-launcher-1.0.0.jar;C:\Users\mikel\.m2\repository\org\apiguardian\apiguardian-api\1.0.0\apiguardian-api-1.0.0.jar;C:\Users\mikel\.m2\repository\org\junit\platform\junit-platform-engine\1.0.0\junit-platform-engine-1.0.0.jar;C:\Users\mikel\.m2\repository\org\junit\platform\junit-platform-commons\1.0.0\junit-platform-commons-1.0.0.jar;C:\Users\mikel\.m2\repository\org\opentest4j\opentest4j\1.0.0\opentest4j-1.0.0.jar;C:\Users\mikel\.m2\repository\org\junit\jupiter\junit-jupiter-engine\5.0.0\junit-jupiter-engine-5.0.0.jar;C:\Users\mikel\.m2\repository\org\junit\jupiter\junit-jupiter-api\5.0.0\junit-jupiter-api-5.0.0.jar;C:\Users\mikel\OneDrive - Aalborg Universitet\AAU\Datalogi\Gruppeprojekter\P2 - Simulation\out\test\P2 - Simulation;C:\Users\mikel\OneDrive - Aalborg Universitet\AAU\Datalogi\Gruppeprojekter\P2 - Simulation\out\production\P2 - Simulation
Launcher Type: SUN_STANDARD

Logging:
Log output configuration:
#0: stdout all=warning uptime,level,tags
#1: stderr all=off uptime,level,tags

Environment Variables:
PATH=C:\ProgramData\Oracle\Java\javapath;C:\Program Files (x86)\Intel\iCLS Client\;C:\Program Files\Intel\iCLS Client\;C:\WINDOWS\system32;C:\WINDOWS;C:\WINDOWS\System32\Wbem;C:\WINDOWS\System32\WindowsPowerShell\v1.0\;C:\Program Files (x86)\Intel\Intel(R) Management Engine Components\DAL;C:\Program Files\Intel\Intel(R) Management Engine Components\DAL;C:\Program Files (x86)\Intel\Intel(R) Management Engine Components\IPT;C:\Program Files\Intel\Intel(R) Management Engine Components\IPT;C:\WINDOWS\system32\config\systemprofile\.dnx\bin;C:\Program Files\Microsoft DNX\Dnvm\;C:\Program Files\Microsoft SQL Server\130\Tools\Binn\;C:\Program Files (x86)\GtkSharp\2.12\bin;C:\Program Files (x86)\Skype\Phone\;C:\Program Files\MiKTeX 2.9\miktex\bin\x64\;C:\Program Files\dotnet\;C:\Users\mikel\AppData\Local\Microsoft\WindowsApps;C:\Users\mikel\AppData\Local\atom\bin;C:\Users\mikel\AppData\Local\GitHubDesktop\bin;C:\MinGW\bin;;%USERPROFILE%\AppData\Local\Microsoft\WindowsApps
USERNAME=mikel
OS=Windows_NT
PROCESSOR_IDENTIFIER=Intel64 Family 6 Model 78 Stepping 3, GenuineIntel



---------------  S Y S T E M  ---------------

OS: Windows 10 , 64 bit Build 16299 (10.0.16299.431)

CPU:total 4 (initial active 4) (2 cores per cpu, 2 threads per core) family 6 model 78 stepping 3, cmov, cx8, fxsr, mmx, sse, sse2, sse3, ssse3, sse4.1, sse4.2, popcnt, avx, avx2, aes, clmul, erms, 3dnowpref, lzcnt, ht, tsc, tscinvbit, bmi1, bmi2, adx, fma

Memory: 4k page, physical 8252500k(2854940k free), swap 18059036k(2629608k free)

vm_info: Java HotSpot(TM) 64-Bit Server VM (9.0.4+11) for windows-amd64 JRE (9.0.4+11), built on Dec 20 2017 02:18:54 by "mach5one" with MS VC++ 12.0 (VS2013)

END.
