#
# A fatal error has been detected by the Java Runtime Environment:
#
#  EXCEPTION_ACCESS_VIOLATION (0xc0000005) at pc=0x0000000050fdbce0, pid=4128, tid=1284
#
# JRE version: Java(TM) SE Runtime Environment (9.0+11) (build 9.0.4+11)
# Java VM: Java HotSpot(TM) 64-Bit Server VM (9.0.4+11, mixed mode, tiered, compressed oops, g1 gc, windows-amd64)
# Problematic frame:
# V  [jvm.dll+0x32bce0]
#
# No core dump will be written. Minidumps are not enabled by default on client versions of Windows
#
# If you would like to submit a bug report, please visit:
#   http://bugreport.java.com/bugreport/crash.jsp
#

---------------  S U M M A R Y ------------

Command Line: -agentlib:jdwp=transport=dt_socket,address=127.0.0.1:51779,suspend=y,server=n -ea -Didea.test.cyclic.buffer.size=1048576 -Dfile.encoding=UTF-8 com.intellij.rt.execution.junit.JUnitStarter -ideVersion5 -junit5 @w@C:\Users\mikel\AppData\Local\Temp\idea_working_dirs_junit2.tmp @C:\Users\mikel\AppData\Local\Temp\idea_junit2.tmp -socket51778

Host: Intel(R) Core(TM) i5-6200U CPU @ 2.30GHz, 4 cores, 7G,  Windows 10 , 64 bit Build 16299 (10.0.16299.15)
Time: Mon Apr 23 13:27:13 2018 Rom, sommertid elapsed time: 1365 seconds (0d 0h 22m 45s)

---------------  T H R E A D  ---------------

Current thread (0x000001ecb81fe800):  VMThread "VM Thread" [stack: 0x000000bd83200000,0x000000bd83300000] [id=1284]

Stack: [0x000000bd83200000,0x000000bd83300000],  sp=0x000000bd832fe8e0,  free space=1018k
Native frames: (J=compiled Java code, j=interpreted, Vv=VM code, C=native code)
V  [jvm.dll+0x32bce0]
V  [jvm.dll+0x327698]
V  [jvm.dll+0x341f4f]
V  [jvm.dll+0x34516d]
V  [jvm.dll+0x296ab0]
V  [jvm.dll+0x296ba9]
V  [jvm.dll+0x2f8791]
V  [jvm.dll+0x2f30be]
V  [jvm.dll+0x2f4193]
V  [jvm.dll+0x2f6073]
V  [jvm.dll+0x2f666e]
V  [jvm.dll+0x2f3e55]
V  [jvm.dll+0x2f3293]
V  [jvm.dll+0x5784ff]
V  [jvm.dll+0x57880c]
V  [jvm.dll+0x5786b3]
V  [jvm.dll+0x578eac]
V  [jvm.dll+0x5470aa]
V  [jvm.dll+0x465311]
V  [jvm.dll+0x6a366b]
V  [jvm.dll+0x6a1e05]
V  [jvm.dll+0x6a25e1]
V  [jvm.dll+0x6a28cc]
V  [jvm.dll+0x586490]
C  [msvcr120.dll+0x24f7f]
C  [msvcr120.dll+0x25126]
C  [KERNEL32.DLL+0x11fe4]
C  [ntdll.dll+0x6f061]


siginfo: EXCEPTION_ACCESS_VIOLATION (0xc0000005), reading address 0xffffffffffffffff


Register to memory mapping:

RIP=0x0000000050fdbce0 jvm.dll
RAX=0x0a0000003f010200 is an unknown value
RBX=0x000001ecb81fe800 is an unknown value
RCX=0x00000001000016d0 is pointing into metadata
RDX=0x0a0000003f010200 is an unknown value
RSP=0x000000bd832fe8e0 is an unknown value
RBP=0x0000000000000003 is an unknown value
RSI=0x000000bd832fe9a0 is an unknown value
RDI=0x0000000000000000 is an unknown value
R8 =0x000001ecb81fe800 is an unknown value
R9 =0x0a0000003f010200 is an unknown value
R10=0x000000000000004c is an unknown value
R11=0x000000000000004c is an unknown value
R12=0x000000bd832ff601 is an unknown value
R13=0x0000000000000000 is an unknown value
R14=0x0000000000000051 is an unknown value
R15=0x0000000000000001 is an unknown value


Registers:
RAX=0x0a0000003f010200, RBX=0x000001ecb81fe800, RCX=0x00000001000016d0, RDX=0x0a0000003f010200
RSP=0x000000bd832fe8e0, RBP=0x0000000000000003, RSI=0x000000bd832fe9a0, RDI=0x0000000000000000
R8 =0x000001ecb81fe800, R9 =0x0a0000003f010200, R10=0x000000000000004c, R11=0x000000000000004c
R12=0x000000bd832ff601, R13=0x0000000000000000, R14=0x0000000000000051, R15=0x0000000000000001
RIP=0x0000000050fdbce0, EFLAGS=0x0000000000010246

Top of Stack: (sp=0x000000bd832fe8e0)
0x000000bd832fe8e0:   00000001000016d0 0000000000000000
0x000000bd832fe8f0:   0000000000000000 000001ecb81fe800
0x000000bd832fe900:   0000000000000000 0000000050fd7698
0x000000bd832fe910:   00000001000016d0 000001ecb81fe800
0x000000bd832fe920:   000000bd832fe9a0 000001ecb81fe800
0x000000bd832fe930:   000000bd832fea10 0000000050ff1f4f
0x000000bd832fe940:   000001ecb81fe800 0000000000000000
0x000000bd832fe950:   0000000000000000 0000000000000000
0x000000bd832fe960:   0000000000000000 000001ecb78b62c0
0x000000bd832fe970:   000000bd832fea10 0000000050ff516d
0x000000bd832fe980:   000001ecb81fd9d0 000000bd832feb70
0x000000bd832fe990:   0000000000000051 000001ecb81957d8
0x000000bd832fe9a0:   000000bd832fea80 000000005147b3b0
0x000000bd832fe9b0:   000001ecb81fe800 000000bd832feb70
0x000000bd832fe9c0:   0000000000000000 0000000050f46ab0
0x000000bd832fe9d0:   000000bd832feb60 000001ecb8195701 

Instructions: (pc=0x0000000050fdbce0)
0x0000000050fdbcc0:   8b d8 e8 a9 88 d8 ff 48 83 7b 08 00 4c 8b c8 74
0x0000000050fdbcd0:   04 33 ff eb 23 80 3d 39 bd 62 00 00 74 05 33 ff
0x0000000050fdbce0:   89 78 0c 48 8d 4d fe 48 8d 78 10 48 85 c9 74 05
0x0000000050fdbcf0:   33 c0 f3 48 ab 49 8b f9 48 83 7b 08 00 48 8b 74 


VM_Operation (0x000000bd83dff650): GetOrSetLocal, mode: safepoint, requested by thread 0x000001ecb8555000


---------------  P R O C E S S  ---------------

Java Threads: ( => current thread )
  0x000001ecb8581800 JavaThread "Service Thread" daemon [_thread_blocked, id=2652, stack(0x000000bd84000000,0x000000bd84100000)]
  0x000001ecb8569000 JavaThread "JDWP Command Reader" daemon [_thread_in_native, id=13348, stack(0x000000bd83f00000,0x000000bd84000000)]
  0x000001ecb8568000 JavaThread "JDWP Event Helper Thread" daemon [_thread_blocked, id=13192, stack(0x000000bd83e00000,0x000000bd83f00000)]
  0x000001ecb8555000 JavaThread "JDWP Transport Listener: dt_socket" daemon [_thread_blocked, id=4680, stack(0x000000bd83d00000,0x000000bd83e00000)]
  0x000001ecb8302000 JavaThread "Common-Cleaner" daemon [_thread_blocked, id=12056, stack(0x000000bd83c00000,0x000000bd83d00000)]
  0x000001ecb82f4800 JavaThread "Sweeper thread" daemon [_thread_blocked, id=1836, stack(0x000000bd83b00000,0x000000bd83c00000)]
  0x000001ecb82d6800 JavaThread "C1 CompilerThread2" daemon [_thread_blocked, id=8548, stack(0x000000bd83a00000,0x000000bd83b00000)]
  0x000001ecb8274000 JavaThread "C2 CompilerThread1" daemon [_thread_blocked, id=11672, stack(0x000000bd83900000,0x000000bd83a00000)]
  0x000001ecb826e000 JavaThread "C2 CompilerThread0" daemon [_thread_blocked, id=11720, stack(0x000000bd83800000,0x000000bd83900000)]
  0x000001ecb8263000 JavaThread "Attach Listener" daemon [_thread_blocked, id=6916, stack(0x000000bd83700000,0x000000bd83800000)]
  0x000001ecb8262800 JavaThread "Signal Dispatcher" daemon [_thread_blocked, id=6016, stack(0x000000bd83600000,0x000000bd83700000)]
  0x000001ecb820a800 JavaThread "Finalizer" daemon [_thread_blocked, id=9748, stack(0x000000bd83400000,0x000000bd83500000)]
  0x000001ecb8208800 JavaThread "Reference Handler" daemon [_thread_blocked, id=2368, stack(0x000000bd83300000,0x000000bd83400000)]
  0x000001ec94fc0800 JavaThread "main" [_thread_blocked, id=1676, stack(0x000000bd82600000,0x000000bd82700000)]

Other Threads:
=>0x000001ecb81fe800 VMThread "VM Thread" [stack: 0x000000bd83200000,0x000000bd83300000] [id=1284]
  0x000001ecb8583800 WatcherThread [stack: 0x000000bd84100000,0x000000bd84200000] [id=8684]
  0x000001ec94fd9000 GCTaskThread "GC Thread#0" [stack: 0x000000bd82700000,0x000000bd82800000] [id=5996]
  0x000001ec94fda000 GCTaskThread "GC Thread#1" [stack: 0x000000bd82800000,0x000000bd82900000] [id=3948]
  0x000001ec94fdc800 GCTaskThread "GC Thread#2" [stack: 0x000000bd82900000,0x000000bd82a00000] [id=4676]
  0x000001ec94fde800 GCTaskThread "GC Thread#3" [stack: 0x000000bd82a00000,0x000000bd82b00000] [id=1520]
  0x000001ec9505d800 ConcurrentGCThread "G1 Main Marker" [stack: 0x000000bd83000000,0x000000bd83100000] [id=8780]
  0x000001ec95062000 ConcurrentGCThread "G1 Marker#0" [stack: 0x000000bd83100000,0x000000bd83200000] [id=6752]
  0x000001ec94ff7000 ConcurrentGCThread "G1 Refine#0" [stack: 0x000000bd82e00000,0x000000bd82f00000] [id=11844]
  0x000001ec94fee000 ConcurrentGCThread "G1 Refine#1" [stack: 0x000000bd82d00000,0x000000bd82e00000] [id=5652]
  0x000001ec94fea800 ConcurrentGCThread "G1 Refine#2" [stack: 0x000000bd82c00000,0x000000bd82d00000] [id=2876]
  0x000001ec94fe2000 ConcurrentGCThread "G1 Refine#3" [stack: 0x000000bd82b00000,0x000000bd82c00000] [id=8380]
  0x000001ec94ff7800 ConcurrentGCThread "G1 Young RemSet Sampling" [stack: 0x000000bd82f00000,0x000000bd83000000] [id=4444]

Threads with active compile tasks:

VM state:at safepoint (normal execution)

VM Mutex/Monitor currently owned by a thread:  ([mutex/lock_event])
[0x000001ec94fbe4a0] Threads_lock - owner thread: 0x000001ecb81fe800

Heap address: 0x0000000082000000, size: 2016 MB, Compressed Oops mode: 32-bit
Narrow klass base: 0x0000000000000000, Narrow klass shift: 3
Compressed class space size: 1073741824 Address: 0x0000000100000000

Heap:
 garbage-first heap   total 129024K, used 6920K [0x0000000082000000, 0x00000000821003f0, 0x0000000100000000)
  region size 1024K, 7 young (7168K), 2 survivors (2048K)
 Metaspace       used 12415K, capacity 13176K, committed 13312K, reserved 1060864K
  class space    used 1311K, capacity 1487K, committed 1536K, reserved 1048576K
Heap Regions: E=young(eden), S=young(survivor), O=old, HS=humongous(starts), HC=humongous(continues), CS=collection set, F=free, A=archive, TS=gc time stamp, AC=allocation context, TAMS=top-at-mark-start (previous, next)
|   0|0x0000000082000000, 0x00000000820c2000, 0x0000000082100000| 75%| O|  |TS  1|AC  0|TAMS 0x0000000082000000, 0x0000000082000000|
|   1|0x0000000082100000, 0x0000000082100000, 0x0000000082200000|  0%| F|  |TS  0|AC  0|TAMS 0x0000000082100000, 0x0000000082100000|
|   2|0x0000000082200000, 0x0000000082200000, 0x0000000082300000|  0%| F|  |TS  0|AC  0|TAMS 0x0000000082200000, 0x0000000082200000|
|   3|0x0000000082300000, 0x0000000082300000, 0x0000000082400000|  0%| F|  |TS  0|AC  0|TAMS 0x0000000082300000, 0x0000000082300000|
|   4|0x0000000082400000, 0x0000000082400000, 0x0000000082500000|  0%| F|  |TS  0|AC  0|TAMS 0x0000000082400000, 0x0000000082400000|
|   5|0x0000000082500000, 0x0000000082500000, 0x0000000082600000|  0%| F|  |TS  0|AC  0|TAMS 0x0000000082500000, 0x0000000082500000|
|   6|0x0000000082600000, 0x0000000082600000, 0x0000000082700000|  0%| F|  |TS  0|AC  0|TAMS 0x0000000082600000, 0x0000000082600000|
|   7|0x0000000082700000, 0x0000000082700000, 0x0000000082800000|  0%| F|  |TS  0|AC  0|TAMS 0x0000000082700000, 0x0000000082700000|
|   8|0x0000000082800000, 0x0000000082800000, 0x0000000082900000|  0%| F|  |TS  0|AC  0|TAMS 0x0000000082800000, 0x0000000082800000|
|   9|0x0000000082900000, 0x0000000082900000, 0x0000000082a00000|  0%| F|  |TS  0|AC  0|TAMS 0x0000000082900000, 0x0000000082900000|
|  10|0x0000000082a00000, 0x0000000082a00000, 0x0000000082b00000|  0%| F|  |TS  0|AC  0|TAMS 0x0000000082a00000, 0x0000000082a00000|
|  11|0x0000000082b00000, 0x0000000082b00000, 0x0000000082c00000|  0%| F|  |TS  0|AC  0|TAMS 0x0000000082b00000, 0x0000000082b00000|
|  12|0x0000000082c00000, 0x0000000082c00000, 0x0000000082d00000|  0%| F|  |TS  0|AC  0|TAMS 0x0000000082c00000, 0x0000000082c00000|
|  13|0x0000000082d00000, 0x0000000082d00000, 0x0000000082e00000|  0%| F|  |TS  0|AC  0|TAMS 0x0000000082d00000, 0x0000000082d00000|
|  14|0x0000000082e00000, 0x0000000082e00000, 0x0000000082f00000|  0%| F|  |TS  0|AC  0|TAMS 0x0000000082e00000, 0x0000000082e00000|
|  15|0x0000000082f00000, 0x0000000082f00000, 0x0000000083000000|  0%| F|  |TS  0|AC  0|TAMS 0x0000000082f00000, 0x0000000082f00000|
|  16|0x0000000083000000, 0x0000000083000000, 0x0000000083100000|  0%| F|  |TS  0|AC  0|TAMS 0x0000000083000000, 0x0000000083000000|
|  17|0x0000000083100000, 0x0000000083100000, 0x0000000083200000|  0%| F|  |TS  0|AC  0|TAMS 0x0000000083100000, 0x0000000083100000|
|  18|0x0000000083200000, 0x0000000083200000, 0x0000000083300000|  0%| F|  |TS  0|AC  0|TAMS 0x0000000083200000, 0x0000000083200000|
|  19|0x0000000083300000, 0x0000000083300000, 0x0000000083400000|  0%| F|  |TS  0|AC  0|TAMS 0x0000000083300000, 0x0000000083300000|
|  20|0x0000000083400000, 0x0000000083400000, 0x0000000083500000|  0%| F|  |TS  0|AC  0|TAMS 0x0000000083400000, 0x0000000083400000|
|  21|0x0000000083500000, 0x0000000083500000, 0x0000000083600000|  0%| F|  |TS  0|AC  0|TAMS 0x0000000083500000, 0x0000000083500000|
|  22|0x0000000083600000, 0x0000000083600000, 0x0000000083700000|  0%| F|  |TS  0|AC  0|TAMS 0x0000000083600000, 0x0000000083600000|
|  23|0x0000000083700000, 0x0000000083700000, 0x0000000083800000|  0%| F|  |TS  0|AC  0|TAMS 0x0000000083700000, 0x0000000083700000|
|  24|0x0000000083800000, 0x0000000083800000, 0x0000000083900000|  0%| F|  |TS  0|AC  0|TAMS 0x0000000083800000, 0x0000000083800000|
|  25|0x0000000083900000, 0x0000000083900000, 0x0000000083a00000|  0%| F|  |TS  0|AC  0|TAMS 0x0000000083900000, 0x0000000083900000|
|  26|0x0000000083a00000, 0x0000000083a00000, 0x0000000083b00000|  0%| F|  |TS  0|AC  0|TAMS 0x0000000083a00000, 0x0000000083a00000|
|  27|0x0000000083b00000, 0x0000000083b00000, 0x0000000083c00000|  0%| F|  |TS  0|AC  0|TAMS 0x0000000083b00000, 0x0000000083b00000|
|  28|0x0000000083c00000, 0x0000000083c00000, 0x0000000083d00000|  0%| F|  |TS  0|AC  0|TAMS 0x0000000083c00000, 0x0000000083c00000|
|  29|0x0000000083d00000, 0x0000000083d00000, 0x0000000083e00000|  0%| F|  |TS  0|AC  0|TAMS 0x0000000083d00000, 0x0000000083d00000|
|  30|0x0000000083e00000, 0x0000000083e00000, 0x0000000083f00000|  0%| F|  |TS  0|AC  0|TAMS 0x0000000083e00000, 0x0000000083e00000|
|  31|0x0000000083f00000, 0x0000000083f00000, 0x0000000084000000|  0%| F|  |TS  0|AC  0|TAMS 0x0000000083f00000, 0x0000000083f00000|
|  32|0x0000000084000000, 0x0000000084000000, 0x0000000084100000|  0%| F|  |TS  0|AC  0|TAMS 0x0000000084000000, 0x0000000084000000|
|  33|0x0000000084100000, 0x0000000084100000, 0x0000000084200000|  0%| F|  |TS  0|AC  0|TAMS 0x0000000084100000, 0x0000000084100000|
|  34|0x0000000084200000, 0x0000000084200000, 0x0000000084300000|  0%| F|  |TS  0|AC  0|TAMS 0x0000000084200000, 0x0000000084200000|
|  35|0x0000000084300000, 0x0000000084300000, 0x0000000084400000|  0%| F|  |TS  0|AC  0|TAMS 0x0000000084300000, 0x0000000084300000|
|  36|0x0000000084400000, 0x0000000084400000, 0x0000000084500000|  0%| F|  |TS  0|AC  0|TAMS 0x0000000084400000, 0x0000000084400000|
|  37|0x0000000084500000, 0x0000000084500000, 0x0000000084600000|  0%| F|  |TS  0|AC  0|TAMS 0x0000000084500000, 0x0000000084500000|
|  38|0x0000000084600000, 0x0000000084600000, 0x0000000084700000|  0%| F|  |TS  0|AC  0|TAMS 0x0000000084600000, 0x0000000084600000|
|  39|0x0000000084700000, 0x0000000084700000, 0x0000000084800000|  0%| F|  |TS  0|AC  0|TAMS 0x0000000084700000, 0x0000000084700000|
|  40|0x0000000084800000, 0x0000000084800000, 0x0000000084900000|  0%| F|  |TS  0|AC  0|TAMS 0x0000000084800000, 0x0000000084800000|
|  41|0x0000000084900000, 0x0000000084900000, 0x0000000084a00000|  0%| F|  |TS  0|AC  0|TAMS 0x0000000084900000, 0x0000000084900000|
|  42|0x0000000084a00000, 0x0000000084a00000, 0x0000000084b00000|  0%| F|  |TS  0|AC  0|TAMS 0x0000000084a00000, 0x0000000084a00000|
|  43|0x0000000084b00000, 0x0000000084b00000, 0x0000000084c00000|  0%| F|  |TS  0|AC  0|TAMS 0x0000000084b00000, 0x0000000084b00000|
|  44|0x0000000084c00000, 0x0000000084c00000, 0x0000000084d00000|  0%| F|  |TS  0|AC  0|TAMS 0x0000000084c00000, 0x0000000084c00000|
|  45|0x0000000084d00000, 0x0000000084d00000, 0x0000000084e00000|  0%| F|  |TS  0|AC  0|TAMS 0x0000000084d00000, 0x0000000084d00000|
|  46|0x0000000084e00000, 0x0000000084e00000, 0x0000000084f00000|  0%| F|  |TS  0|AC  0|TAMS 0x0000000084e00000, 0x0000000084e00000|
|  47|0x0000000084f00000, 0x0000000084f00000, 0x0000000085000000|  0%| F|  |TS  0|AC  0|TAMS 0x0000000084f00000, 0x0000000084f00000|
|  48|0x0000000085000000, 0x0000000085000000, 0x0000000085100000|  0%| F|  |TS  0|AC  0|TAMS 0x0000000085000000, 0x0000000085000000|
|  49|0x0000000085100000, 0x0000000085100000, 0x0000000085200000|  0%| F|  |TS  0|AC  0|TAMS 0x0000000085100000, 0x0000000085100000|
|  50|0x0000000085200000, 0x0000000085200000, 0x0000000085300000|  0%| F|  |TS  0|AC  0|TAMS 0x0000000085200000, 0x0000000085200000|
|  51|0x0000000085300000, 0x0000000085300000, 0x0000000085400000|  0%| F|  |TS  0|AC  0|TAMS 0x0000000085300000, 0x0000000085300000|
|  52|0x0000000085400000, 0x0000000085400000, 0x0000000085500000|  0%| F|  |TS  0|AC  0|TAMS 0x0000000085400000, 0x0000000085400000|
|  53|0x0000000085500000, 0x0000000085500000, 0x0000000085600000|  0%| F|  |TS  0|AC  0|TAMS 0x0000000085500000, 0x0000000085500000|
|  54|0x0000000085600000, 0x0000000085600000, 0x0000000085700000|  0%| F|  |TS  0|AC  0|TAMS 0x0000000085600000, 0x0000000085600000|
|  55|0x0000000085700000, 0x0000000085700000, 0x0000000085800000|  0%| F|  |TS  0|AC  0|TAMS 0x0000000085700000, 0x0000000085700000|
|  56|0x0000000085800000, 0x0000000085800000, 0x0000000085900000|  0%| F|  |TS  0|AC  0|TAMS 0x0000000085800000, 0x0000000085800000|
|  57|0x0000000085900000, 0x0000000085900000, 0x0000000085a00000|  0%| F|  |TS  0|AC  0|TAMS 0x0000000085900000, 0x0000000085900000|
|  58|0x0000000085a00000, 0x0000000085a00000, 0x0000000085b00000|  0%| F|  |TS  0|AC  0|TAMS 0x0000000085a00000, 0x0000000085a00000|
|  59|0x0000000085b00000, 0x0000000085b00000, 0x0000000085c00000|  0%| F|  |TS  0|AC  0|TAMS 0x0000000085b00000, 0x0000000085b00000|
|  60|0x0000000085c00000, 0x0000000085c00000, 0x0000000085d00000|  0%| F|  |TS  0|AC  0|TAMS 0x0000000085c00000, 0x0000000085c00000|
|  61|0x0000000085d00000, 0x0000000085d00000, 0x0000000085e00000|  0%| F|  |TS  0|AC  0|TAMS 0x0000000085d00000, 0x0000000085d00000|
|  62|0x0000000085e00000, 0x0000000085e00000, 0x0000000085f00000|  0%| F|  |TS  0|AC  0|TAMS 0x0000000085e00000, 0x0000000085e00000|
|  63|0x0000000085f00000, 0x0000000085f00000, 0x0000000086000000|  0%| F|  |TS  0|AC  0|TAMS 0x0000000085f00000, 0x0000000085f00000|
|  64|0x0000000086000000, 0x0000000086000000, 0x0000000086100000|  0%| F|  |TS  0|AC  0|TAMS 0x0000000086000000, 0x0000000086000000|
|  65|0x0000000086100000, 0x0000000086100000, 0x0000000086200000|  0%| F|  |TS  0|AC  0|TAMS 0x0000000086100000, 0x0000000086100000|
|  66|0x0000000086200000, 0x0000000086200000, 0x0000000086300000|  0%| F|  |TS  0|AC  0|TAMS 0x0000000086200000, 0x0000000086200000|
|  67|0x0000000086300000, 0x0000000086300000, 0x0000000086400000|  0%| F|  |TS  0|AC  0|TAMS 0x0000000086300000, 0x0000000086300000|
|  68|0x0000000086400000, 0x0000000086400000, 0x0000000086500000|  0%| F|  |TS  0|AC  0|TAMS 0x0000000086400000, 0x0000000086400000|
|  69|0x0000000086500000, 0x0000000086500000, 0x0000000086600000|  0%| F|  |TS  0|AC  0|TAMS 0x0000000086500000, 0x0000000086500000|
|  70|0x0000000086600000, 0x0000000086600000, 0x0000000086700000|  0%| F|  |TS  0|AC  0|TAMS 0x0000000086600000, 0x0000000086600000|
|  71|0x0000000086700000, 0x0000000086700000, 0x0000000086800000|  0%| F|  |TS  0|AC  0|TAMS 0x0000000086700000, 0x0000000086700000|
|  72|0x0000000086800000, 0x0000000086800000, 0x0000000086900000|  0%| F|  |TS  0|AC  0|TAMS 0x0000000086800000, 0x0000000086800000|
|  73|0x0000000086900000, 0x0000000086900000, 0x0000000086a00000|  0%| F|  |TS  0|AC  0|TAMS 0x0000000086900000, 0x0000000086900000|
|  74|0x0000000086a00000, 0x0000000086a00000, 0x0000000086b00000|  0%| F|  |TS  0|AC  0|TAMS 0x0000000086a00000, 0x0000000086a00000|
|  75|0x0000000086b00000, 0x0000000086b00000, 0x0000000086c00000|  0%| F|  |TS  0|AC  0|TAMS 0x0000000086b00000, 0x0000000086b00000|
|  76|0x0000000086c00000, 0x0000000086c00000, 0x0000000086d00000|  0%| F|  |TS  0|AC  0|TAMS 0x0000000086c00000, 0x0000000086c00000|
|  77|0x0000000086d00000, 0x0000000086d00000, 0x0000000086e00000|  0%| F|  |TS  0|AC  0|TAMS 0x0000000086d00000, 0x0000000086d00000|
|  78|0x0000000086e00000, 0x0000000086e00000, 0x0000000086f00000|  0%| F|  |TS  0|AC  0|TAMS 0x0000000086e00000, 0x0000000086e00000|
|  79|0x0000000086f00000, 0x0000000086f00000, 0x0000000087000000|  0%| F|  |TS  0|AC  0|TAMS 0x0000000086f00000, 0x0000000086f00000|
|  80|0x0000000087000000, 0x0000000087000000, 0x0000000087100000|  0%| F|  |TS  0|AC  0|TAMS 0x0000000087000000, 0x0000000087000000|
|  81|0x0000000087100000, 0x0000000087100000, 0x0000000087200000|  0%| F|  |TS  0|AC  0|TAMS 0x0000000087100000, 0x0000000087100000|
|  82|0x0000000087200000, 0x0000000087200000, 0x0000000087300000|  0%| F|  |TS  0|AC  0|TAMS 0x0000000087200000, 0x0000000087200000|
|  83|0x0000000087300000, 0x0000000087300000, 0x0000000087400000|  0%| F|  |TS  0|AC  0|TAMS 0x0000000087300000, 0x0000000087300000|
|  84|0x0000000087400000, 0x0000000087400000, 0x0000000087500000|  0%| F|  |TS  0|AC  0|TAMS 0x0000000087400000, 0x0000000087400000|
|  85|0x0000000087500000, 0x0000000087500000, 0x0000000087600000|  0%| F|  |TS  0|AC  0|TAMS 0x0000000087500000, 0x0000000087500000|
|  86|0x0000000087600000, 0x0000000087600000, 0x0000000087700000|  0%| F|  |TS  0|AC  0|TAMS 0x0000000087600000, 0x0000000087600000|
|  87|0x0000000087700000, 0x0000000087700000, 0x0000000087800000|  0%| F|  |TS  0|AC  0|TAMS 0x0000000087700000, 0x0000000087700000|
|  88|0x0000000087800000, 0x0000000087800000, 0x0000000087900000|  0%| F|  |TS  0|AC  0|TAMS 0x0000000087800000, 0x0000000087800000|
|  89|0x0000000087900000, 0x0000000087900000, 0x0000000087a00000|  0%| F|  |TS  0|AC  0|TAMS 0x0000000087900000, 0x0000000087900000|
|  90|0x0000000087a00000, 0x0000000087a00000, 0x0000000087b00000|  0%| F|  |TS  0|AC  0|TAMS 0x0000000087a00000, 0x0000000087a00000|
|  91|0x0000000087b00000, 0x0000000087b00000, 0x0000000087c00000|  0%| F|  |TS  0|AC  0|TAMS 0x0000000087b00000, 0x0000000087b00000|
|  92|0x0000000087c00000, 0x0000000087c00000, 0x0000000087d00000|  0%| F|  |TS  0|AC  0|TAMS 0x0000000087c00000, 0x0000000087c00000|
|  93|0x0000000087d00000, 0x0000000087d00000, 0x0000000087e00000|  0%| F|  |TS  0|AC  0|TAMS 0x0000000087d00000, 0x0000000087d00000|
|  94|0x0000000087e00000, 0x0000000087e00000, 0x0000000087f00000|  0%| F|  |TS  0|AC  0|TAMS 0x0000000087e00000, 0x0000000087e00000|
|  95|0x0000000087f00000, 0x0000000087f00000, 0x0000000088000000|  0%| F|  |TS  0|AC  0|TAMS 0x0000000087f00000, 0x0000000087f00000|
|  96|0x0000000088000000, 0x0000000088000000, 0x0000000088100000|  0%| F|  |TS  0|AC  0|TAMS 0x0000000088000000, 0x0000000088000000|
|  97|0x0000000088100000, 0x0000000088100000, 0x0000000088200000|  0%| F|  |TS  0|AC  0|TAMS 0x0000000088100000, 0x0000000088100000|
|  98|0x0000000088200000, 0x0000000088200000, 0x0000000088300000|  0%| F|  |TS  0|AC  0|TAMS 0x0000000088200000, 0x0000000088200000|
|  99|0x0000000088300000, 0x0000000088300000, 0x0000000088400000|  0%| F|  |TS  0|AC  0|TAMS 0x0000000088300000, 0x0000000088300000|
| 100|0x0000000088400000, 0x0000000088400000, 0x0000000088500000|  0%| F|  |TS  0|AC  0|TAMS 0x0000000088400000, 0x0000000088400000|
| 101|0x0000000088500000, 0x0000000088500000, 0x0000000088600000|  0%| F|  |TS  0|AC  0|TAMS 0x0000000088500000, 0x0000000088500000|
| 102|0x0000000088600000, 0x0000000088600000, 0x0000000088700000|  0%| F|  |TS  0|AC  0|TAMS 0x0000000088600000, 0x0000000088600000|
| 103|0x0000000088700000, 0x0000000088700000, 0x0000000088800000|  0%| F|  |TS  0|AC  0|TAMS 0x0000000088700000, 0x0000000088700000|
| 104|0x0000000088800000, 0x0000000088800000, 0x0000000088900000|  0%| F|  |TS  0|AC  0|TAMS 0x0000000088800000, 0x0000000088800000|
| 105|0x0000000088900000, 0x0000000088900000, 0x0000000088a00000|  0%| F|  |TS  0|AC  0|TAMS 0x0000000088900000, 0x0000000088900000|
| 106|0x0000000088a00000, 0x0000000088a00000, 0x0000000088b00000|  0%| F|  |TS  0|AC  0|TAMS 0x0000000088a00000, 0x0000000088a00000|
| 107|0x0000000088b00000, 0x0000000088b00000, 0x0000000088c00000|  0%| F|  |TS  0|AC  0|TAMS 0x0000000088b00000, 0x0000000088b00000|
| 108|0x0000000088c00000, 0x0000000088c00000, 0x0000000088d00000|  0%| F|  |TS  0|AC  0|TAMS 0x0000000088c00000, 0x0000000088c00000|
| 109|0x0000000088d00000, 0x0000000088d00000, 0x0000000088e00000|  0%| F|  |TS  0|AC  0|TAMS 0x0000000088d00000, 0x0000000088d00000|
| 110|0x0000000088e00000, 0x0000000088f00000, 0x0000000088f00000|100%| S|CS|TS  1|AC  0|TAMS 0x0000000088e00000, 0x0000000088e00000|
| 111|0x0000000088f00000, 0x0000000089000000, 0x0000000089000000|100%| S|CS|TS  1|AC  0|TAMS 0x0000000088f00000, 0x0000000088f00000|
| 112|0x0000000089000000, 0x0000000089000000, 0x0000000089100000|  0%| F|  |TS  1|AC  0|TAMS 0x0000000089000000, 0x0000000089000000|
| 113|0x0000000089100000, 0x0000000089100000, 0x0000000089200000|  0%| F|  |TS  1|AC  0|TAMS 0x0000000089100000, 0x0000000089100000|
| 114|0x0000000089200000, 0x0000000089200000, 0x0000000089300000|  0%| F|  |TS  1|AC  0|TAMS 0x0000000089200000, 0x0000000089200000|
| 115|0x0000000089300000, 0x0000000089300000, 0x0000000089400000|  0%| F|  |TS  1|AC  0|TAMS 0x0000000089300000, 0x0000000089300000|
| 116|0x0000000089400000, 0x0000000089400000, 0x0000000089500000|  0%| F|  |TS  1|AC  0|TAMS 0x0000000089400000, 0x0000000089400000|
| 117|0x0000000089500000, 0x0000000089500000, 0x0000000089600000|  0%| F|  |TS  1|AC  0|TAMS 0x0000000089500000, 0x0000000089500000|
| 118|0x0000000089600000, 0x0000000089600000, 0x0000000089700000|  0%| F|  |TS  1|AC  0|TAMS 0x0000000089600000, 0x0000000089600000|
| 119|0x0000000089700000, 0x0000000089700000, 0x0000000089800000|  0%| F|  |TS  1|AC  0|TAMS 0x0000000089700000, 0x0000000089700000|
| 120|0x0000000089800000, 0x0000000089800000, 0x0000000089900000|  0%| F|  |TS  1|AC  0|TAMS 0x0000000089800000, 0x0000000089800000|
| 121|0x0000000089900000, 0x0000000089a00000, 0x0000000089a00000|100%| E|  |TS  1|AC  0|TAMS 0x0000000089900000, 0x0000000089900000|
| 122|0x0000000089a00000, 0x0000000089b00000, 0x0000000089b00000|100%| E|CS|TS  1|AC  0|TAMS 0x0000000089a00000, 0x0000000089a00000|
| 123|0x0000000089b00000, 0x0000000089c00000, 0x0000000089c00000|100%| E|CS|TS  1|AC  0|TAMS 0x0000000089b00000, 0x0000000089b00000|
| 124|0x0000000089c00000, 0x0000000089d00000, 0x0000000089d00000|100%| E|CS|TS  1|AC  0|TAMS 0x0000000089c00000, 0x0000000089c00000|
| 125|0x0000000089d00000, 0x0000000089e00000, 0x0000000089e00000|100%| E|CS|TS  1|AC  0|TAMS 0x0000000089d00000, 0x0000000089d00000|

Card table byte_map: [0x000001ecb0c70000,0x000001ecb1060000] byte_map_base: 0x000001ecb0860000

Marking Bits (Prev, Next): (CMBitMap*) 0x000001ec9505c940, (CMBitMap*) 0x000001ec9505c978
 Prev Bits: [0x000001ecb1450000, 0x000001ecb33d0000)
 Next Bits: [0x000001ecb33d0000, 0x000001ecb5350000)

Polling page: 0x000001ec92d70000

CodeHeap 'non-profiled nmethods': size=120064Kb used=564Kb max_used=564Kb free=119499Kb
 bounds [0x000001eca8930000, 0x000001eca8ba0000, 0x000001ecafe70000]
CodeHeap 'profiled nmethods': size=120000Kb used=2286Kb max_used=2286Kb free=117713Kb
 bounds [0x000001eca1400000, 0x000001eca1670000, 0x000001eca8930000]
CodeHeap 'non-nmethods': size=5696Kb used=1238Kb max_used=1307Kb free=4457Kb
 bounds [0x000001eca0e70000, 0x000001eca10e0000, 0x000001eca1400000]
 total_blobs=1869 nmethods=1237 adapters=314
 compilation: enabled

Compilation events (10 events):
Event: 2.091 Thread 0x000001ecb8274000 nmethod 1149 0x000001eca89a3c10 code [0x000001eca89a3da0, 0x000001eca89a3e18]
Event: 2.091 Thread 0x000001ecb8274000 1235       4       java.lang.Character::compareTo (9 bytes)
Event: 2.091 Thread 0x000001ecb8274000 nmethod 1235 0x000001eca89a3e90 code [0x000001eca89a4020, 0x000001eca89a40b8]
Event: 2.092 Thread 0x000001ecb8274000 1121       4       java.lang.reflect.Method::getAnnotation (6 bytes)
Event: 2.099 Thread 0x000001ecb8274000 nmethod 1121 0x000001eca89a4190 code [0x000001eca89a4360, 0x000001eca89a4718]
Event: 2.099 Thread 0x000001ecb8274000 1131       4       java.util.Collections$EmptySet::toArray (11 bytes)
Event: 2.100 Thread 0x000001ecb8274000 nmethod 1131 0x000001eca89a4a90 code [0x000001eca89a4c20, 0x000001eca89a4cd8]
Event: 2.100 Thread 0x000001ecb8274000 1151       4       java.util.ArrayList$Itr::next (66 bytes)
Event: 2.102 Thread 0x000001ecb8274000 nmethod 1151 0x000001eca89a4d90 code [0x000001eca89a4f20, 0x000001eca89a5098]
Event: 2.158 Thread 0x000001ecb826e000 nmethod 1107 0x000001eca89a5210 code [0x000001eca89a6080, 0x000001eca89b4290]

GC Heap History (2 events):
Event: 1.127 GC heap before
{Heap before GC invocations=0 (full 0):
 garbage-first heap   total 129024K, used 14336K [0x0000000082000000, 0x00000000821003f0, 0x0000000100000000)
  region size 1024K, 14 young (14336K), 0 survivors (0K)
 Metaspace       used 11936K, capacity 12510K, committed 12672K, reserved 1060864K
  class space    used 1235K, capacity 1364K, committed 1408K, reserved 1048576K
}
Event: 1.134 GC heap after
{Heap after GC invocations=1 (full 0):
 garbage-first heap   total 129024K, used 2824K [0x0000000082000000, 0x00000000821003f0, 0x0000000100000000)
  region size 1024K, 2 young (2048K), 2 survivors (2048K)
 Metaspace       used 11936K, capacity 12510K, committed 12672K, reserved 1060864K
  class space    used 1235K, capacity 1364K, committed 1408K, reserved 1048576K
}

Deoptimization events (9 events):
Event: 0.204 Thread 0x000001ec94fc0800 Uncommon trap: reason=range_check action=reinterpret pc=0x000001eca8933790 method=java.lang.StringLatin1.indexOf([BII)I @ 13 c2
Event: 0.263 Thread 0x000001ec94fc0800 Uncommon trap: reason=unstable_if action=reinterpret pc=0x000001eca8932bfc method=java.lang.String.charAt(I)C @ 4 c2
Event: 0.779 Thread 0x000001ec94fc0800 Uncommon trap: reason=unstable_if action=reinterpret pc=0x000001eca895f8f0 method=java.util.HashMap.getNode(ILjava/lang/Object;)Ljava/util/HashMap$Node; @ 129 c2
Event: 0.862 Thread 0x000001ec94fc0800 Uncommon trap: reason=class_check action=maybe_recompile pc=0x000001eca8964094 method=java.util.HashMap.putVal(ILjava/lang/Object;Ljava/lang/Object;ZZ)Ljava/lang/Object; @ 91 c2
Event: 0.863 Thread 0x000001ec94fc0800 Uncommon trap: reason=unstable_if action=reinterpret pc=0x000001eca8961234 method=java.util.HashMap.getNode(ILjava/lang/Object;)Ljava/util/HashMap$Node; @ 129 c2
Event: 0.864 Thread 0x000001ec94fc0800 Uncommon trap: reason=class_check action=maybe_recompile pc=0x000001eca8964094 method=java.util.HashMap.putVal(ILjava/lang/Object;Ljava/lang/Object;ZZ)Ljava/lang/Object; @ 91 c2
Event: 0.865 Thread 0x000001ec94fc0800 Uncommon trap: reason=class_check action=maybe_recompile pc=0x000001eca8964094 method=java.util.HashMap.putVal(ILjava/lang/Object;Ljava/lang/Object;ZZ)Ljava/lang/Object; @ 91 c2
Event: 1.027 Thread 0x000001ec94fc0800 Uncommon trap: reason=class_check action=maybe_recompile pc=0x000001eca8964094 method=java.util.HashMap.putVal(ILjava/lang/Object;Ljava/lang/Object;ZZ)Ljava/lang/Object; @ 91 c2
Event: 1.120 Thread 0x000001ec94fc0800 Uncommon trap: reason=unstable_if action=reinterpret pc=0x000001eca897db40 method=org.junit.platform.commons.util.AnnotationUtils.findAnnotation(Ljava/lang/reflect/AnnotatedElement;Ljava/lang/Class;Ljava/util/Set;)Ljava/util/Optional; @ 41 c2

Classes redefined (2 events):
Event: 91.222 Thread 0x000001ecb81fe800 redefined class name=simulation.FishGenomeTest, count=1
Event: 174.385 Thread 0x000001ecb81fe800 redefined class name=simulation.FishGenomeTest, count=2

Internal exceptions (10 events):
Event: 1.062 Thread 0x000001ec94fc0800 Exception <a 'java/lang/NoSuchMethodError'{0x0000000089135370}: java.lang.invoke.DirectMethodHandle$Holder.invokeInterface(Ljava/lang/Object;Ljava/lang/Object;)V> (0x0000000089135370) thrown at [t:/workspace/hotspot/src/share/vm/interpreter/linkResolver.c
Event: 1.063 Thread 0x000001ec94fc0800 Exception <a 'java/lang/IncompatibleClassChangeError'{0x0000000089137f78}: Found class java.lang.Object, but interface was expected> (0x0000000089137f78) thrown at [t:/workspace/hotspot/src/share/vm/interpreter/linkResolver.cpp, line 793]
Event: 1.064 Thread 0x000001ec94fc0800 Exception <a 'java/lang/NoSuchMethodError'{0x000000008913c950}: java.lang.Object.lambda$accept$0(Lorg/junit/platform/engine/TestDescriptor$Visitor;Lorg/junit/platform/engine/TestDescriptor;)V> (0x000000008913c950) thrown at [t:/workspace/hotspot/src/share
Event: 1.065 Thread 0x000001ec94fc0800 Exception <a 'java/lang/NoSuchMethodError'{0x0000000089142fc0}: java.lang.Object.containsTests(Lorg/junit/platform/engine/TestDescriptor;)Z> (0x0000000089142fc0) thrown at [t:/workspace/hotspot/src/share/vm/interpreter/linkResolver.cpp, line 731]
Event: 1.119 Thread 0x000001ec94fc0800 Exception <a 'sun/nio/fs/WindowsException'{0x000000008901ab88}> (0x000000008901ab88) thrown at [t:/workspace/hotspot/src/share/vm/prims/jni.cpp, line 604]
Event: 1.121 Thread 0x000001ec94fc0800 Exception <a 'sun/nio/fs/WindowsException'{0x000000008902ca30}> (0x000000008902ca30) thrown at [t:/workspace/hotspot/src/share/vm/prims/jni.cpp, line 604]
Event: 1.188 Thread 0x000001ec94fc0800 Exception <a 'java/lang/NoSuchMethodError'{0x0000000089bce8a8}: method resolution failed> (0x0000000089bce8a8) thrown at [t:/workspace/hotspot/src/share/vm/prims/methodHandles.cpp, line 1256]
Event: 1.221 Thread 0x000001ec94fc0800 Exception <a 'java/lang/NoSuchMethodError'{0x0000000089a60280}: java.lang.invoke.DirectMethodHandle$Holder.invokeInterface(Ljava/lang/Object;Ljava/lang/Object;Ljava/lang/Object;)V> (0x0000000089a60280) thrown at [t:/workspace/hotspot/src/share/vm/interpre
Event: 1.247 Thread 0x000001ec94fc0800 Exception <a 'java/lang/NoSuchMethodError'{0x0000000089ad5b28}: java.lang.invoke.DirectMethodHandle$Holder.invokeStatic(Ljava/lang/Object;Ljava/lang/Object;Ljava/lang/Object;Ljava/lang/Object;Ljava/lang/Object;)V> (0x0000000089ad5b28) thrown at [t:/worksp
Event: 1.266 Thread 0x000001ec94fc0800 Exception <a 'java/lang/NoSuchMethodError'{0x0000000089918830}: java.lang.invoke.DirectMethodHandle$Holder.invokeStatic(Ljava/lang/Object;Ljava/lang/Object;Ljava/lang/Object;Ljava/lang/Object;Ljava/lang/Object;Ljava/lang/Object;)V> (0x0000000089918830) th

Events (10 events):
Event: 1365.432 Executing VM operation: GetFrameLocation done
Event: 1365.432 Executing VM operation: GetOrSetLocal
Event: 1365.432 Executing VM operation: GetOrSetLocal done
Event: 1365.440 Executing VM operation: GetFrameCount
Event: 1365.440 Executing VM operation: GetFrameCount done
Event: 1365.440 Executing VM operation: GetFrameLocation
Event: 1365.440 Executing VM operation: GetFrameLocation done
Event: 1365.441 Executing VM operation: GetFrameLocation
Event: 1365.441 Executing VM operation: GetFrameLocation done
Event: 1365.441 Executing VM operation: GetOrSetLocal


Dynamic libraries:
0x00007ff784a20000 - 0x00007ff784a5e000 	C:\Program Files\Java\jdk-9.0.4\bin\java.exe
0x00007fff15060000 - 0x00007fff15240000 	C:\WINDOWS\SYSTEM32\ntdll.dll
0x00007fff13d70000 - 0x00007fff13e1e000 	C:\WINDOWS\System32\KERNEL32.DLL
0x00007fff11480000 - 0x00007fff116e6000 	C:\WINDOWS\System32\KERNELBASE.dll
0x00007fff145f0000 - 0x00007fff14691000 	C:\WINDOWS\System32\ADVAPI32.dll
0x00007fff14400000 - 0x00007fff1449d000 	C:\WINDOWS\System32\msvcrt.dll
0x00007fff146d0000 - 0x00007fff1472b000 	C:\WINDOWS\System32\sechost.dll
0x00007fff142e0000 - 0x00007fff143ff000 	C:\WINDOWS\System32\RPCRT4.dll
0x00007fff13b50000 - 0x00007fff13cdf000 	C:\WINDOWS\System32\USER32.dll
0x00007fff11460000 - 0x00007fff11480000 	C:\WINDOWS\System32\win32u.dll
0x00007fff147f0000 - 0x00007fff14818000 	C:\WINDOWS\System32\GDI32.dll
0x00007fff11b50000 - 0x00007fff11ce3000 	C:\WINDOWS\System32\gdi32full.dll
0x00007fff11cf0000 - 0x00007fff11d8b000 	C:\WINDOWS\System32\msvcp_win.dll
0x00007fff116f0000 - 0x00007fff117e6000 	C:\WINDOWS\System32\ucrtbase.dll
0x00007fff03ad0000 - 0x00007fff03d39000 	C:\WINDOWS\WinSxS\amd64_microsoft.windows.common-controls_6595b64144ccf1df_6.0.16299.371_none_15c7d1789365a290\COMCTL32.dll
0x00007fff13e60000 - 0x00007fff14168000 	C:\WINDOWS\System32\combase.dll
0x00007fff11ad0000 - 0x00007fff11b42000 	C:\WINDOWS\System32\bcryptPrimitives.dll
0x00007fff05c20000 - 0x00007fff05c2a000 	C:\WINDOWS\SYSTEM32\VERSION.dll
0x00007fff13e30000 - 0x00007fff13e5d000 	C:\WINDOWS\System32\IMM32.DLL
0x00007ffef7580000 - 0x00007ffef766f000 	C:\Program Files\Java\jdk-9.0.4\bin\msvcr120.dll
0x00007ffefecc0000 - 0x00007ffefed66000 	C:\Program Files\Java\jdk-9.0.4\bin\msvcp120.dll
0x0000000050cb0000 - 0x00000000516d5000 	C:\Program Files\Java\jdk-9.0.4\bin\server\jvm.dll
0x00007fff146a0000 - 0x00007fff146a8000 	C:\WINDOWS\System32\PSAPI.DLL
0x00007fff10050000 - 0x00007fff10059000 	C:\WINDOWS\SYSTEM32\WSOCK32.dll
0x00007fff14f60000 - 0x00007fff14fcc000 	C:\WINDOWS\System32\WS2_32.dll
0x00007fff0dfd0000 - 0x00007fff0dff3000 	C:\WINDOWS\SYSTEM32\WINMM.dll
0x00007fff0df70000 - 0x00007fff0df9a000 	C:\WINDOWS\SYSTEM32\WINMMBASE.dll
0x00007fff11d90000 - 0x00007fff11dda000 	C:\WINDOWS\System32\cfgmgr32.dll
0x00007fff0e0f0000 - 0x00007fff0e0ff000 	C:\Program Files\Java\jdk-9.0.4\bin\verify.dll
0x00007fff0aa90000 - 0x00007fff0aab7000 	C:\Program Files\Java\jdk-9.0.4\bin\java.dll
0x00007ffef6e80000 - 0x00007ffef6eb6000 	C:\Program Files\Java\jdk-9.0.4\bin\jdwp.dll
0x00007fff0a940000 - 0x00007fff0a956000 	C:\Program Files\Java\jdk-9.0.4\bin\zip.dll
0x00007fff0d860000 - 0x00007fff0d86a000 	C:\Program Files\Java\jdk-9.0.4\bin\jimage.dll
0x00007fff12640000 - 0x00007fff13a76000 	C:\WINDOWS\System32\SHELL32.dll
0x00007fff14820000 - 0x00007fff148c6000 	C:\WINDOWS\System32\shcore.dll
0x00007fff11de0000 - 0x00007fff12527000 	C:\WINDOWS\System32\windows.storage.dll
0x00007fff14790000 - 0x00007fff147e1000 	C:\WINDOWS\System32\shlwapi.dll
0x00007fff113f0000 - 0x00007fff11401000 	C:\WINDOWS\System32\kernel.appcore.dll
0x00007fff11410000 - 0x00007fff1145c000 	C:\WINDOWS\System32\powrprof.dll
0x00007fff113d0000 - 0x00007fff113eb000 	C:\WINDOWS\System32\profapi.dll
0x00007fff0a8e0000 - 0x00007fff0a8fa000 	C:\Program Files\Java\jdk-9.0.4\bin\net.dll
0x00007fff0c910000 - 0x00007fff0c9ee000 	C:\WINDOWS\SYSTEM32\WINHTTP.dll
0x00007fff10be0000 - 0x00007fff10c46000 	C:\WINDOWS\system32\mswsock.dll
0x00007fff0a8c0000 - 0x00007fff0a8d1000 	C:\Program Files\Java\jdk-9.0.4\bin\nio.dll
0x00007ffefecb0000 - 0x00007ffefecba000 	C:\Program Files\Java\jdk-9.0.4\bin\dt_socket.dll
0x00007fff0fd40000 - 0x00007fff0ff08000 	C:\WINDOWS\SYSTEM32\dbghelp.dll

VM Arguments:
jvm_args: -agentlib:jdwp=transport=dt_socket,address=127.0.0.1:51779,suspend=y,server=n -ea -Didea.test.cyclic.buffer.size=1048576 -Dfile.encoding=UTF-8 
java_command: com.intellij.rt.execution.junit.JUnitStarter -ideVersion5 -junit5 @w@C:\Users\mikel\AppData\Local\Temp\idea_working_dirs_junit2.tmp @C:\Users\mikel\AppData\Local\Temp\idea_junit2.tmp -socket51778
java_class_path (initial): C:\Program Files\JetBrains\IntelliJ IDEA 2017.3.4\lib\idea_rt.jar;C:\Program Files\JetBrains\IntelliJ IDEA 2017.3.4\plugins\junit\lib\junit-rt.jar;C:\Program Files\JetBrains\IntelliJ IDEA 2017.3.4\plugins\junit\lib\junit5-rt.jar;C:\Users\mikel\.m2\repository\org\junit\platform\junit-platform-launcher\1.0.0\junit-platform-launcher-1.0.0.jar;C:\Users\mikel\.m2\repository\org\apiguardian\apiguardian-api\1.0.0\apiguardian-api-1.0.0.jar;C:\Users\mikel\.m2\repository\org\junit\platform\junit-platform-engine\1.0.0\junit-platform-engine-1.0.0.jar;C:\Users\mikel\.m2\repository\org\junit\platform\junit-platform-commons\1.0.0\junit-platform-commons-1.0.0.jar;C:\Users\mikel\.m2\repository\org\opentest4j\opentest4j\1.0.0\opentest4j-1.0.0.jar;C:\Users\mikel\.m2\repository\org\junit\jupiter\junit-jupiter-engine\5.0.0\junit-jupiter-engine-5.0.0.jar;C:\Users\mikel\.m2\repository\org\junit\jupiter\junit-jupiter-api\5.0.0\junit-jupiter-api-5.0.0.jar;C:\Users\mikel\OneDrive - Aalborg Universitet\AAU\Datalogi\Gruppeprojekter\P2 - Simulation\out\test\P2 - Simulation;C:\Users\mikel\OneDrive - Aalborg Universitet\AAU\Datalogi\Gruppeprojekter\P2 - Simulation\out\production\P2 - Simulation
Launcher Type: SUN_STANDARD

Logging:
Log output configuration:
#0: stdout all=warning uptime,level,tags
#1: stderr all=off uptime,level,tags

Environment Variables:
PATH=C:\ProgramData\Oracle\Java\javapath;C:\Program Files (x86)\Intel\iCLS Client\;C:\Program Files\Intel\iCLS Client\;C:\WINDOWS\system32;C:\WINDOWS;C:\WINDOWS\System32\Wbem;C:\WINDOWS\System32\WindowsPowerShell\v1.0\;C:\Program Files (x86)\Intel\Intel(R) Management Engine Components\DAL;C:\Program Files\Intel\Intel(R) Management Engine Components\DAL;C:\Program Files (x86)\Intel\Intel(R) Management Engine Components\IPT;C:\Program Files\Intel\Intel(R) Management Engine Components\IPT;C:\WINDOWS\system32\config\systemprofile\.dnx\bin;C:\Program Files\Microsoft DNX\Dnvm\;C:\Program Files\Microsoft SQL Server\130\Tools\Binn\;C:\Program Files (x86)\GtkSharp\2.12\bin;C:\Program Files (x86)\Skype\Phone\;C:\Program Files\MiKTeX 2.9\miktex\bin\x64\;C:\Users\mikel\AppData\Local\Microsoft\WindowsApps;C:\Users\mikel\AppData\Local\atom\bin;C:\Users\mikel\AppData\Local\GitHubDesktop\bin;C:\MinGW\bin;;%USERPROFILE%\AppData\Local\Microsoft\WindowsApps
USERNAME=mikel
OS=Windows_NT
PROCESSOR_IDENTIFIER=Intel64 Family 6 Model 78 Stepping 3, GenuineIntel



---------------  S Y S T E M  ---------------

OS: Windows 10 , 64 bit Build 16299 (10.0.16299.15)

CPU:total 4 (initial active 4) (2 cores per cpu, 2 threads per core) family 6 model 78 stepping 3, cmov, cx8, fxsr, mmx, sse, sse2, sse3, ssse3, sse4.1, sse4.2, popcnt, avx, avx2, aes, clmul, erms, 3dnowpref, lzcnt, ht, tsc, tscinvbit, bmi1, bmi2, adx, fma

Memory: 4k page, physical 8252500k(2889384k free), swap 18738260k(10241788k free)

vm_info: Java HotSpot(TM) 64-Bit Server VM (9.0.4+11) for windows-amd64 JRE (9.0.4+11), built on Dec 20 2017 02:18:54 by "mach5one" with MS VC++ 12.0 (VS2013)

END.
